{"numFailedTestSuites":7,"numFailedTests":15,"numPassedTestSuites":11,"numPassedTests":130,"numPendingTestSuites":0,"numPendingTests":0,"numRuntimeErrorTestSuites":0,"numTodoTests":0,"numTotalTestSuites":18,"numTotalTests":145,"openHandles":[],"snapshot":{"added":0,"didUpdate":false,"failure":false,"filesAdded":0,"filesRemoved":0,"filesRemovedList":[],"filesUnmatched":0,"filesUpdated":0,"matched":0,"total":0,"unchecked":0,"uncheckedKeysByFile":[],"unmatched":0,"updated":0},"startTime":1775131252338,"success":false,"testResults":[{"assertionResults":[{"ancestorTitles":["Alert Endpoints Integration Tests","POST /api/alerts/create"],"duration":35,"failing":false,"failureDetails":[],"failureMessages":[],"fullName":"Alert Endpoints Integration Tests POST /api/alerts/create should create a new alert with valid data","invocations":1,"location":null,"numPassingAsserts":3,"retryReasons":[],"startAt":1775131258590,"status":"passed","title":"should create a new alert with valid data"},{"ancestorTitles":["Alert Endpoints Integration Tests","POST /api/alerts/create"],"duration":22,"failing":false,"failureDetails":[],"failureMessages":[],"fullName":"Alert Endpoints Integration Tests POST /api/alerts/create should reject alert creation with invalid blood type","invocations":1,"location":null,"numPassingAsserts":1,"retryReasons":[],"startAt":1775131258626,"status":"passed","title":"should reject alert creation with invalid blood type"},{"ancestorTitles":["Alert Endpoints Integration Tests","POST /api/alerts/create"],"duration":10,"failing":false,"failureDetails":[],"failureMessages":[],"fullName":"Alert Endpoints Integration Tests POST /api/alerts/create should reject alert creation with invalid urgency level","invocations":1,"location":null,"numPassingAsserts":1,"retryReasons":[],"startAt":1775131258648,"status":"passed","title":"should reject alert creation with invalid urgency level"},{"ancestorTitles":["Alert Endpoints Integration Tests","POST /api/alerts/create"],"duration":10,"failing":false,"failureDetails":[],"failureMessages":[],"fullName":"Alert Endpoints Integration Tests POST /api/alerts/create should reject alert creation with invalid coordinates","invocations":1,"location":null,"numPassingAsserts":1,"retryReasons":[],"startAt":1775131258658,"status":"passed","title":"should reject alert creation with invalid coordinates"},{"ancestorTitles":["Alert Endpoints Integration Tests","POST /api/alerts/create"],"duration":27,"failing":false,"failureDetails":[],"failureMessages":[],"fullName":"Alert Endpoints Integration Tests POST /api/alerts/create should reject alert creation with negative quantity","invocations":1,"location":null,"numPassingAsserts":1,"retryReasons":[],"startAt":1775131258668,"status":"passed","title":"should reject alert creation with negative quantity"},{"ancestorTitles":["Alert Endpoints Integration Tests","POST /api/alerts/create"],"duration":6,"failing":false,"failureDetails":[],"failureMessages":[],"fullName":"Alert Endpoints Integration Tests POST /api/alerts/create should reject alert creation without token","invocations":1,"location":null,"numPassingAsserts":1,"retryReasons":[],"startAt":1775131258695,"status":"passed","title":"should reject alert creation without token"},{"ancestorTitles":["Alert Endpoints Integration Tests","POST /api/alerts/create"],"duration":18,"failing":false,"failureDetails":[],"failureMessages":[],"fullName":"Alert Endpoints Integration Tests POST /api/alerts/create should reject alert creation with missing required fields","invocations":1,"location":null,"numPassingAsserts":1,"retryReasons":[],"startAt":1775131258701,"status":"passed","title":"should reject alert creation with missing required fields"},{"ancestorTitles":["Alert Endpoints Integration Tests","GET /api/alerts/nearby"],"duration":37,"failing":false,"failureDetails":[],"failureMessages":[],"fullName":"Alert Endpoints Integration Tests GET /api/alerts/nearby should get nearby alerts with valid coordinates","invocations":1,"location":null,"numPassingAsserts":3,"retryReasons":[],"startAt":1775131258720,"status":"passed","title":"should get nearby alerts with valid coordinates"},{"ancestorTitles":["Alert Endpoints Integration Tests","GET /api/alerts/nearby"],"duration":19,"failing":false,"failureDetails":[],"failureMessages":[],"fullName":"Alert Endpoints Integration Tests GET /api/alerts/nearby should reject nearby with invalid latitude","invocations":1,"location":null,"numPassingAsserts":1,"retryReasons":[],"startAt":1775131258757,"status":"passed","title":"should reject nearby with invalid latitude"},{"ancestorTitles":["Alert Endpoints Integration Tests","GET /api/alerts/nearby"],"duration":14,"failing":false,"failureDetails":[],"failureMessages":[],"fullName":"Alert Endpoints Integration Tests GET /api/alerts/nearby should reject nearby with invalid radius","invocations":1,"location":null,"numPassingAsserts":1,"retryReasons":[],"startAt":1775131258777,"status":"passed","title":"should reject nearby with invalid radius"},{"ancestorTitles":["Alert Endpoints Integration Tests","GET /api/alerts/nearby"],"duration":35,"failing":false,"failureDetails":[],"failureMessages":[],"fullName":"Alert Endpoints Integration Tests GET /api/alerts/nearby should return empty array when no alerts found","invocations":1,"location":null,"numPassingAsserts":2,"retryReasons":[],"startAt":1775131258791,"status":"passed","title":"should return empty array when no alerts found"},{"ancestorTitles":["Alert Endpoints Integration Tests","GET /api/alerts/search"],"duration":24,"failing":false,"failureDetails":[{"matcherResult":{"actual":404,"expected":200,"message":"\u001b[2mexpect(\u001b[22m\u001b[31mreceived\u001b[39m\u001b[2m).\u001b[22mtoBe\u001b[2m(\u001b[22m\u001b[32mexpected\u001b[39m\u001b[2m) // Object.is equality\u001b[22m\n\nExpected: \u001b[32m200\u001b[39m\nReceived: \u001b[31m404\u001b[39m","name":"toBe","pass":false}}],"failureMessages":["Error: \u001b[2mexpect(\u001b[22m\u001b[31mreceived\u001b[39m\u001b[2m).\u001b[22mtoBe\u001b[2m(\u001b[22m\u001b[32mexpected\u001b[39m\u001b[2m) // Object.is equality\u001b[22m\n\nExpected: \u001b[32m200\u001b[39m\nReceived: \u001b[31m404\u001b[39m\n    at Object.toBe (/home/ing-dev/Images/blood-donation-app/backend/__tests__/integration/alerts.integration.test.js:209:31)\n    at processTicksAndRejections (node:internal/process/task_queues:95:5)"],"fullName":"Alert Endpoints Integration Tests GET /api/alerts/search should search alerts by blood type","invocations":1,"location":null,"numPassingAsserts":0,"retryReasons":[],"startAt":1775131258826,"status":"failed","title":"should search alerts by blood type"},{"ancestorTitles":["Alert Endpoints Integration Tests","GET /api/alerts/search"],"duration":12,"failing":false,"failureDetails":[{"matcherResult":{"actual":404,"expected":400,"message":"\u001b[2mexpect(\u001b[22m\u001b[31mreceived\u001b[39m\u001b[2m).\u001b[22mtoBe\u001b[2m(\u001b[22m\u001b[32mexpected\u001b[39m\u001b[2m) // Object.is equality\u001b[22m\n\nExpected: \u001b[32m400\u001b[39m\nReceived: \u001b[31m404\u001b[39m","name":"toBe","pass":false}}],"failureMessages":["Error: \u001b[2mexpect(\u001b[22m\u001b[31mreceived\u001b[39m\u001b[2m).\u001b[22mtoBe\u001b[2m(\u001b[22m\u001b[32mexpected\u001b[39m\u001b[2m) // Object.is equality\u001b[22m\n\nExpected: \u001b[32m400\u001b[39m\nReceived: \u001b[31m404\u001b[39m\n    at Object.toBe (/home/ing-dev/Images/blood-donation-app/backend/__tests__/integration/alerts.integration.test.js:222:31)\n    at processTicksAndRejections (node:internal/process/task_queues:95:5)"],"fullName":"Alert Endpoints Integration Tests GET /api/alerts/search should reject search with invalid blood type","invocations":1,"location":null,"numPassingAsserts":0,"retryReasons":[],"startAt":1775131258850,"status":"failed","title":"should reject search with invalid blood type"},{"ancestorTitles":["Alert Endpoints Integration Tests","GET /api/alerts/search"],"duration":12,"failing":false,"failureDetails":[{"matcherResult":{"actual":404,"expected":200,"message":"\u001b[2mexpect(\u001b[22m\u001b[31mreceived\u001b[39m\u001b[2m).\u001b[22mtoBe\u001b[2m(\u001b[22m\u001b[32mexpected\u001b[39m\u001b[2m) // Object.is equality\u001b[22m\n\nExpected: \u001b[32m200\u001b[39m\nReceived: \u001b[31m404\u001b[39m","name":"toBe","pass":false}}],"failureMessages":["Error: \u001b[2mexpect(\u001b[22m\u001b[31mreceived\u001b[39m\u001b[2m).\u001b[22mtoBe\u001b[2m(\u001b[22m\u001b[32mexpected\u001b[39m\u001b[2m) // Object.is equality\u001b[22m\n\nExpected: \u001b[32m200\u001b[39m\nReceived: \u001b[31m404\u001b[39m\n    at Object.toBe (/home/ing-dev/Images/blood-donation-app/backend/__tests__/integration/alerts.integration.test.js:233:31)\n    at processTicksAndRejections (node:internal/process/task_queues:95:5)"],"fullName":"Alert Endpoints Integration Tests GET /api/alerts/search should search alerts by urgency","invocations":1,"location":null,"numPassingAsserts":0,"retryReasons":[],"startAt":1775131258863,"status":"failed","title":"should search alerts by urgency"},{"ancestorTitles":["Alert Endpoints Integration Tests","PUT /api/alerts/:id"],"duration":12,"failing":false,"failureDetails":[{"matcherResult":{"actual":404,"expected":200,"message":"\u001b[2mexpect(\u001b[22m\u001b[31mreceived\u001b[39m\u001b[2m).\u001b[22mtoBe\u001b[2m(\u001b[22m\u001b[32mexpected\u001b[39m\u001b[2m) // Object.is equality\u001b[22m\n\nExpected: \u001b[32m200\u001b[39m\nReceived: \u001b[31m404\u001b[39m","name":"toBe","pass":false}}],"failureMessages":["Error: \u001b[2mexpect(\u001b[22m\u001b[31mreceived\u001b[39m\u001b[2m).\u001b[22mtoBe\u001b[2m(\u001b[22m\u001b[32mexpected\u001b[39m\u001b[2m) // Object.is equality\u001b[22m\n\nExpected: \u001b[32m200\u001b[39m\nReceived: \u001b[31m404\u001b[39m\n    at Object.toBe (/home/ing-dev/Images/blood-donation-app/backend/__tests__/integration/alerts.integration.test.js:248:31)\n    at processTicksAndRejections (node:internal/process/task_queues:95:5)"],"fullName":"Alert Endpoints Integration Tests PUT /api/alerts/:id should update alert with valid data","invocations":1,"location":null,"numPassingAsserts":0,"retryReasons":[],"startAt":1775131258875,"status":"failed","title":"should update alert with valid data"},{"ancestorTitles":["Alert Endpoints Integration Tests","PUT /api/alerts/:id"],"duration":13,"failing":false,"failureDetails":[{"matcherResult":{"actual":404,"expected":400,"message":"\u001b[2mexpect(\u001b[22m\u001b[31mreceived\u001b[39m\u001b[2m).\u001b[22mtoBe\u001b[2m(\u001b[22m\u001b[32mexpected\u001b[39m\u001b[2m) // Object.is equality\u001b[22m\n\nExpected: \u001b[32m400\u001b[39m\nReceived: \u001b[31m404\u001b[39m","name":"toBe","pass":false}}],"failureMessages":["Error: \u001b[2mexpect(\u001b[22m\u001b[31mreceived\u001b[39m\u001b[2m).\u001b[22mtoBe\u001b[2m(\u001b[22m\u001b[32mexpected\u001b[39m\u001b[2m) // Object.is equality\u001b[22m\n\nExpected: \u001b[32m400\u001b[39m\nReceived: \u001b[31m404\u001b[39m\n    at Object.toBe (/home/ing-dev/Images/blood-donation-app/backend/__tests__/integration/alerts.integration.test.js:259:31)\n    at processTicksAndRejections (node:internal/process/task_queues:95:5)"],"fullName":"Alert Endpoints Integration Tests PUT /api/alerts/:id should reject update with invalid urgency","invocations":1,"location":null,"numPassingAsserts":0,"retryReasons":[],"startAt":1775131258887,"status":"failed","title":"should reject update with invalid urgency"},{"ancestorTitles":["Alert Endpoints Integration Tests","PUT /api/alerts/:id"],"duration":10,"failing":false,"failureDetails":[],"failureMessages":[],"fullName":"Alert Endpoints Integration Tests PUT /api/alerts/:id should reject update without token","invocations":1,"location":null,"numPassingAsserts":1,"retryReasons":[],"startAt":1775131258901,"status":"passed","title":"should reject update without token"},{"ancestorTitles":["Alert Endpoints Integration Tests","DELETE /api/alerts/:id"],"duration":63,"failing":false,"failureDetails":[],"failureMessages":[],"fullName":"Alert Endpoints Integration Tests DELETE /api/alerts/:id should delete alert with valid token","invocations":1,"location":null,"numPassingAsserts":1,"retryReasons":[],"startAt":1775131258912,"status":"passed","title":"should delete alert with valid token"},{"ancestorTitles":["Alert Endpoints Integration Tests","DELETE /api/alerts/:id"],"duration":7,"failing":false,"failureDetails":[],"failureMessages":[],"fullName":"Alert Endpoints Integration Tests DELETE /api/alerts/:id should reject delete without token","invocations":1,"location":null,"numPassingAsserts":1,"retryReasons":[],"startAt":1775131258975,"status":"passed","title":"should reject delete without token"}],"endTime":1775131259072,"message":"\u001b[1m\u001b[31m  \u001b[1m● \u001b[22m\u001b[1mAlert Endpoints Integration Tests › GET /api/alerts/search › should search alerts by blood type\u001b[39m\u001b[22m\n\n    \u001b[2mexpect(\u001b[22m\u001b[31mreceived\u001b[39m\u001b[2m).\u001b[22mtoBe\u001b[2m(\u001b[22m\u001b[32mexpected\u001b[39m\u001b[2m) // Object.is equality\u001b[22m\n\n    Expected: \u001b[32m200\u001b[39m\n    Received: \u001b[31m404\u001b[39m\n\u001b[2m\u001b[22m\n\u001b[2m    \u001b[0m \u001b[90m 207 |\u001b[39m         })\u001b[33m;\u001b[39m\u001b[22m\n\u001b[2m     \u001b[90m 208 |\u001b[39m\u001b[22m\n\u001b[2m    \u001b[31m\u001b[1m>\u001b[22m\u001b[2m\u001b[39m\u001b[90m 209 |\u001b[39m       expect(response\u001b[33m.\u001b[39mstatus)\u001b[33m.\u001b[39mtoBe(\u001b[35m200\u001b[39m)\u001b[33m;\u001b[39m\u001b[22m\n\u001b[2m     \u001b[90m     |\u001b[39m                               \u001b[31m\u001b[1m^\u001b[22m\u001b[2m\u001b[39m\u001b[22m\n\u001b[2m     \u001b[90m 210 |\u001b[39m       expect(response\u001b[33m.\u001b[39mbody\u001b[33m.\u001b[39malertes)\u001b[33m.\u001b[39mtoBeDefined()\u001b[33m;\u001b[39m\u001b[22m\n\u001b[2m     \u001b[90m 211 |\u001b[39m       expect(\u001b[33mArray\u001b[39m\u001b[33m.\u001b[39misArray(response\u001b[33m.\u001b[39mbody\u001b[33m.\u001b[39malertes))\u001b[33m.\u001b[39mtoBe(\u001b[36mtrue\u001b[39m)\u001b[33m;\u001b[39m\u001b[22m\n\u001b[2m     \u001b[90m 212 |\u001b[39m     })\u001b[33m;\u001b[39m\u001b[0m\u001b[22m\n\u001b[2m\u001b[22m\n\u001b[2m      \u001b[2mat Object.toBe (\u001b[22m\u001b[2m\u001b[0m\u001b[36m__tests__/integration/alerts.integration.test.js\u001b[39m\u001b[0m\u001b[2m:209:31)\u001b[22m\u001b[2m\u001b[22m\n\n\u001b[1m\u001b[31m  \u001b[1m● \u001b[22m\u001b[1mAlert Endpoints Integration Tests › GET /api/alerts/search › should reject search with invalid blood type\u001b[39m\u001b[22m\n\n    \u001b[2mexpect(\u001b[22m\u001b[31mreceived\u001b[39m\u001b[2m).\u001b[22mtoBe\u001b[2m(\u001b[22m\u001b[32mexpected\u001b[39m\u001b[2m) // Object.is equality\u001b[22m\n\n    Expected: \u001b[32m400\u001b[39m\n    Received: \u001b[31m404\u001b[39m\n\u001b[2m\u001b[22m\n\u001b[2m    \u001b[0m \u001b[90m 220 |\u001b[39m         })\u001b[33m;\u001b[39m\u001b[22m\n\u001b[2m     \u001b[90m 221 |\u001b[39m\u001b[22m\n\u001b[2m    \u001b[31m\u001b[1m>\u001b[22m\u001b[2m\u001b[39m\u001b[90m 222 |\u001b[39m       expect(response\u001b[33m.\u001b[39mstatus)\u001b[33m.\u001b[39mtoBe(\u001b[35m400\u001b[39m)\u001b[33m;\u001b[39m\u001b[22m\n\u001b[2m     \u001b[90m     |\u001b[39m                               \u001b[31m\u001b[1m^\u001b[22m\u001b[2m\u001b[39m\u001b[22m\n\u001b[2m     \u001b[90m 223 |\u001b[39m     })\u001b[33m;\u001b[39m\u001b[22m\n\u001b[2m     \u001b[90m 224 |\u001b[39m\u001b[22m\n\u001b[2m     \u001b[90m 225 |\u001b[39m     it(\u001b[32m'should search alerts by urgency'\u001b[39m\u001b[33m,\u001b[39m \u001b[36masync\u001b[39m () \u001b[33m=>\u001b[39m {\u001b[0m\u001b[22m\n\u001b[2m\u001b[22m\n\u001b[2m      \u001b[2mat Object.toBe (\u001b[22m\u001b[2m\u001b[0m\u001b[36m__tests__/integration/alerts.integration.test.js\u001b[39m\u001b[0m\u001b[2m:222:31)\u001b[22m\u001b[2m\u001b[22m\n\n\u001b[1m\u001b[31m  \u001b[1m● \u001b[22m\u001b[1mAlert Endpoints Integration Tests › GET /api/alerts/search › should search alerts by urgency\u001b[39m\u001b[22m\n\n    \u001b[2mexpect(\u001b[22m\u001b[31mreceived\u001b[39m\u001b[2m).\u001b[22mtoBe\u001b[2m(\u001b[22m\u001b[32mexpected\u001b[39m\u001b[2m) // Object.is equality\u001b[22m\n\n    Expected: \u001b[32m200\u001b[39m\n    Received: \u001b[31m404\u001b[39m\n\u001b[2m\u001b[22m\n\u001b[2m    \u001b[0m \u001b[90m 231 |\u001b[39m         })\u001b[33m;\u001b[39m\u001b[22m\n\u001b[2m     \u001b[90m 232 |\u001b[39m\u001b[22m\n\u001b[2m    \u001b[31m\u001b[1m>\u001b[22m\u001b[2m\u001b[39m\u001b[90m 233 |\u001b[39m       expect(response\u001b[33m.\u001b[39mstatus)\u001b[33m.\u001b[39mtoBe(\u001b[35m200\u001b[39m)\u001b[33m;\u001b[39m\u001b[22m\n\u001b[2m     \u001b[90m     |\u001b[39m                               \u001b[31m\u001b[1m^\u001b[22m\u001b[2m\u001b[39m\u001b[22m\n\u001b[2m     \u001b[90m 234 |\u001b[39m       expect(response\u001b[33m.\u001b[39mbody\u001b[33m.\u001b[39malertes)\u001b[33m.\u001b[39mtoBeDefined()\u001b[33m;\u001b[39m\u001b[22m\n\u001b[2m     \u001b[90m 235 |\u001b[39m     })\u001b[33m;\u001b[39m\u001b[22m\n\u001b[2m     \u001b[90m 236 |\u001b[39m   })\u001b[33m;\u001b[39m\u001b[0m\u001b[22m\n\u001b[2m\u001b[22m\n\u001b[2m      \u001b[2mat Object.toBe (\u001b[22m\u001b[2m\u001b[0m\u001b[36m__tests__/integration/alerts.integration.test.js\u001b[39m\u001b[0m\u001b[2m:233:31)\u001b[22m\u001b[2m\u001b[22m\n\n\u001b[1m\u001b[31m  \u001b[1m● \u001b[22m\u001b[1mAlert Endpoints Integration Tests › PUT /api/alerts/:id › should update alert with valid data\u001b[39m\u001b[22m\n\n    \u001b[2mexpect(\u001b[22m\u001b[31mreceived\u001b[39m\u001b[2m).\u001b[22mtoBe\u001b[2m(\u001b[22m\u001b[32mexpected\u001b[39m\u001b[2m) // Object.is equality\u001b[22m\n\n    Expected: \u001b[32m200\u001b[39m\n    Received: \u001b[31m404\u001b[39m\n\u001b[2m\u001b[22m\n\u001b[2m    \u001b[0m \u001b[90m 246 |\u001b[39m         })\u001b[33m;\u001b[39m\u001b[22m\n\u001b[2m     \u001b[90m 247 |\u001b[39m\u001b[22m\n\u001b[2m    \u001b[31m\u001b[1m>\u001b[22m\u001b[2m\u001b[39m\u001b[90m 248 |\u001b[39m       expect(response\u001b[33m.\u001b[39mstatus)\u001b[33m.\u001b[39mtoBe(\u001b[35m200\u001b[39m)\u001b[33m;\u001b[39m\u001b[22m\n\u001b[2m     \u001b[90m     |\u001b[39m                               \u001b[31m\u001b[1m^\u001b[22m\u001b[2m\u001b[39m\u001b[22m\n\u001b[2m     \u001b[90m 249 |\u001b[39m     })\u001b[33m;\u001b[39m\u001b[22m\n\u001b[2m     \u001b[90m 250 |\u001b[39m\u001b[22m\n\u001b[2m     \u001b[90m 251 |\u001b[39m     it(\u001b[32m'should reject update with invalid urgency'\u001b[39m\u001b[33m,\u001b[39m \u001b[36masync\u001b[39m () \u001b[33m=>\u001b[39m {\u001b[0m\u001b[22m\n\u001b[2m\u001b[22m\n\u001b[2m      \u001b[2mat Object.toBe (\u001b[22m\u001b[2m\u001b[0m\u001b[36m__tests__/integration/alerts.integration.test.js\u001b[39m\u001b[0m\u001b[2m:248:31)\u001b[22m\u001b[2m\u001b[22m\n\n\u001b[1m\u001b[31m  \u001b[1m● \u001b[22m\u001b[1mAlert Endpoints Integration Tests › PUT /api/alerts/:id › should reject update with invalid urgency\u001b[39m\u001b[22m\n\n    \u001b[2mexpect(\u001b[22m\u001b[31mreceived\u001b[39m\u001b[2m).\u001b[22mtoBe\u001b[2m(\u001b[22m\u001b[32mexpected\u001b[39m\u001b[2m) // Object.is equality\u001b[22m\n\n    Expected: \u001b[32m400\u001b[39m\n    Received: \u001b[31m404\u001b[39m\n\u001b[2m\u001b[22m\n\u001b[2m    \u001b[0m \u001b[90m 257 |\u001b[39m         })\u001b[33m;\u001b[39m\u001b[22m\n\u001b[2m     \u001b[90m 258 |\u001b[39m\u001b[22m\n\u001b[2m    \u001b[31m\u001b[1m>\u001b[22m\u001b[2m\u001b[39m\u001b[90m 259 |\u001b[39m       expect(response\u001b[33m.\u001b[39mstatus)\u001b[33m.\u001b[39mtoBe(\u001b[35m400\u001b[39m)\u001b[33m;\u001b[39m\u001b[22m\n\u001b[2m     \u001b[90m     |\u001b[39m                               \u001b[31m\u001b[1m^\u001b[22m\u001b[2m\u001b[39m\u001b[22m\n\u001b[2m     \u001b[90m 260 |\u001b[39m     })\u001b[33m;\u001b[39m\u001b[22m\n\u001b[2m     \u001b[90m 261 |\u001b[39m\u001b[22m\n\u001b[2m     \u001b[90m 262 |\u001b[39m     it(\u001b[32m'should reject update without token'\u001b[39m\u001b[33m,\u001b[39m \u001b[36masync\u001b[39m () \u001b[33m=>\u001b[39m {\u001b[0m\u001b[22m\n\u001b[2m\u001b[22m\n\u001b[2m      \u001b[2mat Object.toBe (\u001b[22m\u001b[2m\u001b[0m\u001b[36m__tests__/integration/alerts.integration.test.js\u001b[39m\u001b[0m\u001b[2m:259:31)\u001b[22m\u001b[2m\u001b[22m\n","name":"/home/ing-dev/Images/blood-donation-app/backend/__tests__/integration/alerts.integration.test.js","startTime":1775131252872,"status":"failed","summary":""},{"assertionResults":[{"ancestorTitles":["User Endpoints Integration Tests","POST /api/users/register"],"duration":356,"failing":false,"failureDetails":[],"failureMessages":[],"fullName":"User Endpoints Integration Tests POST /api/users/register should successfully register a new user","invocations":1,"location":null,"numPassingAsserts":3,"retryReasons":[],"startAt":1775131258259,"status":"passed","title":"should successfully register a new user"},{"ancestorTitles":["User Endpoints Integration Tests","POST /api/users/register"],"duration":21,"failing":false,"failureDetails":[],"failureMessages":[],"fullName":"User Endpoints Integration Tests POST /api/users/register should reject registration with invalid email/phone format","invocations":1,"location":null,"numPassingAsserts":2,"retryReasons":[],"startAt":1775131258616,"status":"passed","title":"should reject registration with invalid email/phone format"},{"ancestorTitles":["User Endpoints Integration Tests","POST /api/users/register"],"duration":10,"failing":false,"failureDetails":[],"failureMessages":[],"fullName":"User Endpoints Integration Tests POST /api/users/register should reject registration with weak password","invocations":1,"location":null,"numPassingAsserts":2,"retryReasons":[],"startAt":1775131258638,"status":"passed","title":"should reject registration with weak password"},{"ancestorTitles":["User Endpoints Integration Tests","POST /api/users/register"],"duration":8,"failing":false,"failureDetails":[],"failureMessages":[],"fullName":"User Endpoints Integration Tests POST /api/users/register should reject registration with invalid blood type","invocations":1,"location":null,"numPassingAsserts":2,"retryReasons":[],"startAt":1775131258649,"status":"passed","title":"should reject registration with invalid blood type"},{"ancestorTitles":["User Endpoints Integration Tests","POST /api/users/register"],"duration":11,"failing":false,"failureDetails":[],"failureMessages":[],"fullName":"User Endpoints Integration Tests POST /api/users/register should reject registration with missing required fields","invocations":1,"location":null,"numPassingAsserts":2,"retryReasons":[],"startAt":1775131258657,"status":"passed","title":"should reject registration with missing required fields"},{"ancestorTitles":["User Endpoints Integration Tests","POST /api/users/login"],"duration":662,"failing":false,"failureDetails":[],"failureMessages":[],"fullName":"User Endpoints Integration Tests POST /api/users/login should successfully login with valid credentials","invocations":1,"location":null,"numPassingAsserts":3,"retryReasons":[],"startAt":1775131258669,"status":"passed","title":"should successfully login with valid credentials"},{"ancestorTitles":["User Endpoints Integration Tests","POST /api/users/login"],"duration":195,"failing":false,"failureDetails":[],"failureMessages":[],"fullName":"User Endpoints Integration Tests POST /api/users/login should reject login with invalid phone","invocations":1,"location":null,"numPassingAsserts":1,"retryReasons":[],"startAt":1775131259336,"status":"passed","title":"should reject login with invalid phone"},{"ancestorTitles":["User Endpoints Integration Tests","POST /api/users/login"],"duration":438,"failing":false,"failureDetails":[],"failureMessages":[],"fullName":"User Endpoints Integration Tests POST /api/users/login should reject login with incorrect password","invocations":1,"location":null,"numPassingAsserts":1,"retryReasons":[],"startAt":1775131259531,"status":"passed","title":"should reject login with incorrect password"},{"ancestorTitles":["User Endpoints Integration Tests","POST /api/users/login"],"duration":256,"failing":false,"failureDetails":[{"matcherResult":{"actual":401,"expected":404,"message":"\u001b[2mexpect(\u001b[22m\u001b[31mreceived\u001b[39m\u001b[2m).\u001b[22mtoBe\u001b[2m(\u001b[22m\u001b[32mexpected\u001b[39m\u001b[2m) // Object.is equality\u001b[22m\n\nExpected: \u001b[32m404\u001b[39m\nReceived: \u001b[31m401\u001b[39m","name":"toBe","pass":false}}],"failureMessages":["Error: \u001b[2mexpect(\u001b[22m\u001b[31mreceived\u001b[39m\u001b[2m).\u001b[22mtoBe\u001b[2m(\u001b[22m\u001b[32mexpected\u001b[39m\u001b[2m) // Object.is equality\u001b[22m\n\nExpected: \u001b[32m404\u001b[39m\nReceived: \u001b[31m401\u001b[39m\n    at Object.toBe (/home/ing-dev/Images/blood-donation-app/backend/__tests__/integration/users.integration.test.js:158:31)\n    at processTicksAndRejections (node:internal/process/task_queues:95:5)"],"fullName":"User Endpoints Integration Tests POST /api/users/login should reject login with non-existent user","invocations":1,"location":null,"numPassingAsserts":0,"retryReasons":[],"startAt":1775131259970,"status":"failed","title":"should reject login with non-existent user"},{"ancestorTitles":["User Endpoints Integration Tests","POST /api/users/search-donors"],"duration":26,"failing":false,"failureDetails":[],"failureMessages":[],"fullName":"User Endpoints Integration Tests POST /api/users/search-donors should search for donors with valid parameters","invocations":1,"location":null,"numPassingAsserts":3,"retryReasons":[],"startAt":1775131260227,"status":"passed","title":"should search for donors with valid parameters"},{"ancestorTitles":["User Endpoints Integration Tests","POST /api/users/search-donors"],"duration":14,"failing":false,"failureDetails":[],"failureMessages":[],"fullName":"User Endpoints Integration Tests POST /api/users/search-donors should reject search with invalid coordinates","invocations":1,"location":null,"numPassingAsserts":1,"retryReasons":[],"startAt":1775131260254,"status":"passed","title":"should reject search with invalid coordinates"},{"ancestorTitles":["User Endpoints Integration Tests","POST /api/users/search-donors"],"duration":14,"failing":false,"failureDetails":[],"failureMessages":[],"fullName":"User Endpoints Integration Tests POST /api/users/search-donors should reject search with invalid radius","invocations":1,"location":null,"numPassingAsserts":1,"retryReasons":[],"startAt":1775131260268,"status":"passed","title":"should reject search with invalid radius"},{"ancestorTitles":["User Endpoints Integration Tests","POST /api/users/update-location"],"duration":344,"failing":false,"failureDetails":[],"failureMessages":[],"fullName":"User Endpoints Integration Tests POST /api/users/update-location should update user location with valid token","invocations":1,"location":null,"numPassingAsserts":1,"retryReasons":[],"startAt":1775131260284,"status":"passed","title":"should update user location with valid token"},{"ancestorTitles":["User Endpoints Integration Tests","POST /api/users/update-location"],"duration":7,"failing":false,"failureDetails":[],"failureMessages":[],"fullName":"User Endpoints Integration Tests POST /api/users/update-location should reject location update without token","invocations":1,"location":null,"numPassingAsserts":1,"retryReasons":[],"startAt":1775131260628,"status":"passed","title":"should reject location update without token"},{"ancestorTitles":["User Endpoints Integration Tests","POST /api/users/update-location"],"duration":190,"failing":false,"failureDetails":[],"failureMessages":[],"fullName":"User Endpoints Integration Tests POST /api/users/update-location should reject location update with invalid coordinates","invocations":1,"location":null,"numPassingAsserts":1,"retryReasons":[],"startAt":1775131260635,"status":"passed","title":"should reject location update with invalid coordinates"},{"ancestorTitles":["User Endpoints Integration Tests","POST /api/users/push-token"],"duration":212,"failing":false,"failureDetails":[{"matcherResult":{"actual":400,"expected":200,"message":"\u001b[2mexpect(\u001b[22m\u001b[31mreceived\u001b[39m\u001b[2m).\u001b[22mtoBe\u001b[2m(\u001b[22m\u001b[32mexpected\u001b[39m\u001b[2m) // Object.is equality\u001b[22m\n\nExpected: \u001b[32m200\u001b[39m\nReceived: \u001b[31m400\u001b[39m","name":"toBe","pass":false}}],"failureMessages":["Error: \u001b[2mexpect(\u001b[22m\u001b[31mreceived\u001b[39m\u001b[2m).\u001b[22mtoBe\u001b[2m(\u001b[22m\u001b[32mexpected\u001b[39m\u001b[2m) // Object.is equality\u001b[22m\n\nExpected: \u001b[32m200\u001b[39m\nReceived: \u001b[31m400\u001b[39m\n    at Object.toBe (/home/ing-dev/Images/blood-donation-app/backend/__tests__/integration/users.integration.test.js:283:31)\n    at processTicksAndRejections (node:internal/process/task_queues:95:5)"],"fullName":"User Endpoints Integration Tests POST /api/users/push-token should register push token with valid data","invocations":1,"location":null,"numPassingAsserts":0,"retryReasons":[],"startAt":1775131260825,"status":"failed","title":"should register push token with valid data"},{"ancestorTitles":["User Endpoints Integration Tests","POST /api/users/push-token"],"duration":283,"failing":false,"failureDetails":[],"failureMessages":[],"fullName":"User Endpoints Integration Tests POST /api/users/push-token should reject invalid push token format","invocations":1,"location":null,"numPassingAsserts":1,"retryReasons":[],"startAt":1775131261038,"status":"passed","title":"should reject invalid push token format"}],"endTime":1775131261397,"message":"\u001b[1m\u001b[31m  \u001b[1m● \u001b[22m\u001b[1mUser Endpoints Integration Tests › POST /api/users/login › should reject login with non-existent user\u001b[39m\u001b[22m\n\n    \u001b[2mexpect(\u001b[22m\u001b[31mreceived\u001b[39m\u001b[2m).\u001b[22mtoBe\u001b[2m(\u001b[22m\u001b[32mexpected\u001b[39m\u001b[2m) // Object.is equality\u001b[22m\n\n    Expected: \u001b[32m404\u001b[39m\n    Received: \u001b[31m401\u001b[39m\n\u001b[2m\u001b[22m\n\u001b[2m    \u001b[0m \u001b[90m 156 |\u001b[39m         })\u001b[33m;\u001b[39m\u001b[22m\n\u001b[2m     \u001b[90m 157 |\u001b[39m\u001b[22m\n\u001b[2m    \u001b[31m\u001b[1m>\u001b[22m\u001b[2m\u001b[39m\u001b[90m 158 |\u001b[39m       expect(response\u001b[33m.\u001b[39mstatus)\u001b[33m.\u001b[39mtoBe(\u001b[35m404\u001b[39m)\u001b[33m;\u001b[39m\u001b[22m\n\u001b[2m     \u001b[90m     |\u001b[39m                               \u001b[31m\u001b[1m^\u001b[22m\u001b[2m\u001b[39m\u001b[22m\n\u001b[2m     \u001b[90m 159 |\u001b[39m     })\u001b[33m;\u001b[39m\u001b[22m\n\u001b[2m     \u001b[90m 160 |\u001b[39m   })\u001b[33m;\u001b[39m\u001b[22m\n\u001b[2m     \u001b[90m 161 |\u001b[39m\u001b[0m\u001b[22m\n\u001b[2m\u001b[22m\n\u001b[2m      \u001b[2mat Object.toBe (\u001b[22m\u001b[2m\u001b[0m\u001b[36m__tests__/integration/users.integration.test.js\u001b[39m\u001b[0m\u001b[2m:158:31)\u001b[22m\u001b[2m\u001b[22m\n\n\u001b[1m\u001b[31m  \u001b[1m● \u001b[22m\u001b[1mUser Endpoints Integration Tests › POST /api/users/push-token › should register push token with valid data\u001b[39m\u001b[22m\n\n    \u001b[2mexpect(\u001b[22m\u001b[31mreceived\u001b[39m\u001b[2m).\u001b[22mtoBe\u001b[2m(\u001b[22m\u001b[32mexpected\u001b[39m\u001b[2m) // Object.is equality\u001b[22m\n\n    Expected: \u001b[32m200\u001b[39m\n    Received: \u001b[31m400\u001b[39m\n\u001b[2m\u001b[22m\n\u001b[2m    \u001b[0m \u001b[90m 281 |\u001b[39m         })\u001b[33m;\u001b[39m\u001b[22m\n\u001b[2m     \u001b[90m 282 |\u001b[39m\u001b[22m\n\u001b[2m    \u001b[31m\u001b[1m>\u001b[22m\u001b[2m\u001b[39m\u001b[90m 283 |\u001b[39m       expect(response\u001b[33m.\u001b[39mstatus)\u001b[33m.\u001b[39mtoBe(\u001b[35m200\u001b[39m)\u001b[33m;\u001b[39m\u001b[22m\n\u001b[2m     \u001b[90m     |\u001b[39m                               \u001b[31m\u001b[1m^\u001b[22m\u001b[2m\u001b[39m\u001b[22m\n\u001b[2m     \u001b[90m 284 |\u001b[39m     })\u001b[33m;\u001b[39m\u001b[22m\n\u001b[2m     \u001b[90m 285 |\u001b[39m\u001b[22m\n\u001b[2m     \u001b[90m 286 |\u001b[39m     it(\u001b[32m'should reject invalid push token format'\u001b[39m\u001b[33m,\u001b[39m \u001b[36masync\u001b[39m () \u001b[33m=>\u001b[39m {\u001b[0m\u001b[22m\n\u001b[2m\u001b[22m\n\u001b[2m      \u001b[2mat Object.toBe (\u001b[22m\u001b[2m\u001b[0m\u001b[36m__tests__/integration/users.integration.test.js\u001b[39m\u001b[0m\u001b[2m:283:31)\u001b[22m\u001b[2m\u001b[22m\n","name":"/home/ing-dev/Images/blood-donation-app/backend/__tests__/integration/users.integration.test.js","startTime":1775131252927,"status":"failed","summary":""},{"assertionResults":[{"ancestorTitles":["Dashboard Stats Integration Test","GET /api/centres/:id/stats"],"duration":53,"failing":false,"failureDetails":[],"failureMessages":[],"fullName":"Dashboard Stats Integration Test GET /api/centres/:id/stats should return dashboard stats successfully","invocations":1,"location":null,"numPassingAsserts":7,"retryReasons":[],"startAt":1775131262604,"status":"passed","title":"should return dashboard stats successfully"},{"ancestorTitles":["Dashboard Stats Integration Test","GET /api/centres/:id/stats"],"duration":20,"failing":false,"failureDetails":[{"matcherResult":{"actual":200,"expected":500,"message":"\u001b[2mexpect(\u001b[22m\u001b[31mreceived\u001b[39m\u001b[2m).\u001b[22mtoBe\u001b[2m(\u001b[22m\u001b[32mexpected\u001b[39m\u001b[2m) // Object.is equality\u001b[22m\n\nExpected: \u001b[32m500\u001b[39m\nReceived: \u001b[31m200\u001b[39m","name":"toBe","pass":false}}],"failureMessages":["Error: \u001b[2mexpect(\u001b[22m\u001b[31mreceived\u001b[39m\u001b[2m).\u001b[22mtoBe\u001b[2m(\u001b[22m\u001b[32mexpected\u001b[39m\u001b[2m) // Object.is equality\u001b[22m\n\nExpected: \u001b[32m500\u001b[39m\nReceived: \u001b[31m200\u001b[39m\n    at Object.toBe (/home/ing-dev/Images/blood-donation-app/backend/__tests__/integration/dashboard.test.js:104:31)\n    at processTicksAndRejections (node:internal/process/task_queues:95:5)"],"fullName":"Dashboard Stats Integration Test GET /api/centres/:id/stats should handle errors gracefully","invocations":1,"location":null,"numPassingAsserts":0,"retryReasons":[],"startAt":1775131262661,"status":"failed","title":"should handle errors gracefully"}],"endTime":1775131262749,"message":"\u001b[1m\u001b[31m  \u001b[1m● \u001b[22m\u001b[1mDashboard Stats Integration Test › GET /api/centres/:id/stats › should handle errors gracefully\u001b[39m\u001b[22m\n\n    \u001b[2mexpect(\u001b[22m\u001b[31mreceived\u001b[39m\u001b[2m).\u001b[22mtoBe\u001b[2m(\u001b[22m\u001b[32mexpected\u001b[39m\u001b[2m) // Object.is equality\u001b[22m\n\n    Expected: \u001b[32m500\u001b[39m\n    Received: \u001b[31m200\u001b[39m\n\u001b[2m\u001b[22m\n\u001b[2m    \u001b[0m \u001b[90m 102 |\u001b[39m       \u001b[90m// But since we didn't mount error handler in this test app, it might crash or return 500 html.\u001b[39m\u001b[22m\n\u001b[2m     \u001b[90m 103 |\u001b[39m       \u001b[90m// However, usually it returns 500.\u001b[39m\u001b[22m\n\u001b[2m    \u001b[31m\u001b[1m>\u001b[22m\u001b[2m\u001b[39m\u001b[90m 104 |\u001b[39m       expect(response\u001b[33m.\u001b[39mstatus)\u001b[33m.\u001b[39mtoBe(\u001b[35m500\u001b[39m)\u001b[33m;\u001b[39m\u001b[22m\n\u001b[2m     \u001b[90m     |\u001b[39m                               \u001b[31m\u001b[1m^\u001b[22m\u001b[2m\u001b[39m\u001b[22m\n\u001b[2m     \u001b[90m 105 |\u001b[39m     })\u001b[33m;\u001b[39m\u001b[22m\n\u001b[2m     \u001b[90m 106 |\u001b[39m   })\u001b[33m;\u001b[39m\u001b[22m\n\u001b[2m     \u001b[90m 107 |\u001b[39m })\u001b[33m;\u001b[39m\u001b[0m\u001b[22m\n\u001b[2m\u001b[22m\n\u001b[2m      \u001b[2mat Object.toBe (\u001b[22m\u001b[2m\u001b[0m\u001b[36m__tests__/integration/dashboard.test.js\u001b[39m\u001b[0m\u001b[2m:104:31)\u001b[22m\u001b[2m\u001b[22m\n","name":"/home/ing-dev/Images/blood-donation-app/backend/__tests__/integration/dashboard.test.js","startTime":1775131261451,"status":"failed","summary":""},{"assertionResults":[{"ancestorTitles":["Rate Limiting Tests","Global Rate Limiter (100 requests per 15 minutes)"],"duration":28,"failing":false,"failureDetails":[],"failureMessages":[],"fullName":"Rate Limiting Tests Global Rate Limiter (100 requests per 15 minutes) should allow requests within rate limit","invocations":1,"location":null,"numPassingAsserts":1,"retryReasons":[],"startAt":1775131261627,"status":"passed","title":"should allow requests within rate limit"},{"ancestorTitles":["Rate Limiting Tests","Registration Rate Limiter (10 per day)"],"duration":929,"failing":false,"failureDetails":[{"matcherResult":{"message":"\u001b[2mexpect(\u001b[22m\u001b[31mreceived\u001b[39m\u001b[2m).\u001b[22mtoContain\u001b[2m(\u001b[22m\u001b[32mexpected\u001b[39m\u001b[2m) // indexOf\u001b[22m\n\nExpected value: \u001b[32m500\u001b[39m\nReceived array: \u001b[31m[201, 400]\u001b[39m","pass":false}}],"failureMessages":["Error: \u001b[2mexpect(\u001b[22m\u001b[31mreceived\u001b[39m\u001b[2m).\u001b[22mtoContain\u001b[2m(\u001b[22m\u001b[32mexpected\u001b[39m\u001b[2m) // indexOf\u001b[22m\n\nExpected value: \u001b[32m500\u001b[39m\nReceived array: \u001b[31m[201, 400]\u001b[39m\n    at toContain (/home/ing-dev/Images/blood-donation-app/backend/__tests__/integration/rateLimiter.test.js:38:28)\n    at Array.forEach (<anonymous>)\n    at Object.forEach (/home/ing-dev/Images/blood-donation-app/backend/__tests__/integration/rateLimiter.test.js:37:17)\n    at processTicksAndRejections (node:internal/process/task_queues:95:5)"],"fullName":"Rate Limiting Tests Registration Rate Limiter (10 per day) should track registration attempts","invocations":1,"location":null,"numPassingAsserts":0,"retryReasons":[],"startAt":1775131261657,"status":"failed","title":"should track registration attempts"},{"ancestorTitles":["Rate Limiting Tests","Login Rate Limiter (5 attempts per 15 minutes)"],"duration":120,"failing":false,"failureDetails":[],"failureMessages":[],"fullName":"Rate Limiting Tests Login Rate Limiter (5 attempts per 15 minutes) should track login attempts","invocations":1,"location":null,"numPassingAsserts":1,"retryReasons":[],"startAt":1775131262587,"status":"passed","title":"should track login attempts"},{"ancestorTitles":["Rate Limiting Tests","Login Rate Limiter (5 attempts per 15 minutes)"],"duration":28,"failing":false,"failureDetails":[{"matcherResult":{"message":"\u001b[2mexpect(\u001b[22m\u001b[31mreceived\u001b[39m\u001b[2m).\u001b[22mtoBeDefined\u001b[2m()\u001b[22m\n\nReceived: \u001b[31mundefined\u001b[39m","pass":false}}],"failureMessages":["Error: \u001b[2mexpect(\u001b[22m\u001b[31mreceived\u001b[39m\u001b[2m).\u001b[22mtoBeDefined\u001b[2m()\u001b[22m\n\nReceived: \u001b[31mundefined\u001b[39m\n    at Object.toBeDefined (/home/ing-dev/Images/blood-donation-app/backend/__tests__/integration/rateLimiter.test.js:76:51)\n    at processTicksAndRejections (node:internal/process/task_queues:95:5)"],"fullName":"Rate Limiting Tests Login Rate Limiter (5 attempts per 15 minutes) should have rate limiter headers","invocations":1,"location":null,"numPassingAsserts":0,"retryReasons":[],"startAt":1775131262707,"status":"failed","title":"should have rate limiter headers"},{"ancestorTitles":["Rate Limiting Tests","Rate Limit Error Responses"],"duration":87,"failing":false,"failureDetails":[],"failureMessages":[],"fullName":"Rate Limiting Tests Rate Limit Error Responses should return 429 status when rate limited","invocations":1,"location":null,"numPassingAsserts":1,"retryReasons":[],"startAt":1775131262737,"status":"passed","title":"should return 429 status when rate limited"},{"ancestorTitles":["Rate Limiting Tests","Rate Limit Error Responses"],"duration":76,"failing":false,"failureDetails":[],"failureMessages":[],"fullName":"Rate Limiting Tests Rate Limit Error Responses rate limit error should include retry-after header","invocations":1,"location":null,"numPassingAsserts":0,"retryReasons":[],"startAt":1775131262824,"status":"passed","title":"rate limit error should include retry-after header"}],"endTime":1775131262955,"message":"\u001b[1m\u001b[31m  \u001b[1m● \u001b[22m\u001b[1mRate Limiting Tests › Registration Rate Limiter (10 per day) › should track registration attempts\u001b[39m\u001b[22m\n\n    \u001b[2mexpect(\u001b[22m\u001b[31mreceived\u001b[39m\u001b[2m).\u001b[22mtoContain\u001b[2m(\u001b[22m\u001b[32mexpected\u001b[39m\u001b[2m) // indexOf\u001b[22m\n\n    Expected value: \u001b[32m500\u001b[39m\n    Received array: \u001b[31m[201, 400]\u001b[39m\n\u001b[2m\u001b[22m\n\u001b[2m    \u001b[0m \u001b[90m 36 |\u001b[39m       \u001b[90m// All three should succeed (within daily limit of 10)\u001b[39m\u001b[22m\n\u001b[2m     \u001b[90m 37 |\u001b[39m       responses\u001b[33m.\u001b[39mforEach(r \u001b[33m=>\u001b[39m {\u001b[22m\n\u001b[2m    \u001b[31m\u001b[1m>\u001b[22m\u001b[2m\u001b[39m\u001b[90m 38 |\u001b[39m         expect([\u001b[35m201\u001b[39m\u001b[33m,\u001b[39m \u001b[35m400\u001b[39m])\u001b[33m.\u001b[39mtoContain(r\u001b[33m.\u001b[39mstatus)\u001b[33m;\u001b[39m \u001b[90m// 201 if success, 400 if validation error\u001b[39m\u001b[22m\n\u001b[2m     \u001b[90m    |\u001b[39m                            \u001b[31m\u001b[1m^\u001b[22m\u001b[2m\u001b[39m\u001b[22m\n\u001b[2m     \u001b[90m 39 |\u001b[39m       })\u001b[33m;\u001b[39m\u001b[22m\n\u001b[2m     \u001b[90m 40 |\u001b[39m     })\u001b[33m;\u001b[39m\u001b[22m\n\u001b[2m     \u001b[90m 41 |\u001b[39m   })\u001b[33m;\u001b[39m\u001b[0m\u001b[22m\n\u001b[2m\u001b[22m\n\u001b[2m      \u001b[2mat toContain (\u001b[22m\u001b[2m\u001b[0m\u001b[36m__tests__/integration/rateLimiter.test.js\u001b[39m\u001b[0m\u001b[2m:38:28)\u001b[22m\u001b[2m\u001b[22m\n\u001b[2m          at Array.forEach (<anonymous>)\u001b[22m\n\u001b[2m      \u001b[2mat Object.forEach (\u001b[22m\u001b[2m\u001b[0m\u001b[36m__tests__/integration/rateLimiter.test.js\u001b[39m\u001b[0m\u001b[2m:37:17)\u001b[22m\u001b[2m\u001b[22m\n\n\u001b[1m\u001b[31m  \u001b[1m● \u001b[22m\u001b[1mRate Limiting Tests › Login Rate Limiter (5 attempts per 15 minutes) › should have rate limiter headers\u001b[39m\u001b[22m\n\n    \u001b[2mexpect(\u001b[22m\u001b[31mreceived\u001b[39m\u001b[2m).\u001b[22mtoBeDefined\u001b[2m()\u001b[22m\n\n    Received: \u001b[31mundefined\u001b[39m\n\u001b[2m\u001b[22m\n\u001b[2m    \u001b[0m \u001b[90m 74 |\u001b[39m\u001b[22m\n\u001b[2m     \u001b[90m 75 |\u001b[39m       \u001b[90m// Check for rate limit headers\u001b[39m\u001b[22m\n\u001b[2m    \u001b[31m\u001b[1m>\u001b[22m\u001b[2m\u001b[39m\u001b[90m 76 |\u001b[39m       expect(response\u001b[33m.\u001b[39mheaders[\u001b[32m'ratelimit-limit'\u001b[39m])\u001b[33m.\u001b[39mtoBeDefined()\u001b[33m;\u001b[39m\u001b[22m\n\u001b[2m     \u001b[90m    |\u001b[39m                                                   \u001b[31m\u001b[1m^\u001b[22m\u001b[2m\u001b[39m\u001b[22m\n\u001b[2m     \u001b[90m 77 |\u001b[39m     })\u001b[33m;\u001b[39m\u001b[22m\n\u001b[2m     \u001b[90m 78 |\u001b[39m   })\u001b[33m;\u001b[39m\u001b[22m\n\u001b[2m     \u001b[90m 79 |\u001b[39m\u001b[0m\u001b[22m\n\u001b[2m\u001b[22m\n\u001b[2m      \u001b[2mat Object.toBeDefined (\u001b[22m\u001b[2m\u001b[0m\u001b[36m__tests__/integration/rateLimiter.test.js\u001b[39m\u001b[0m\u001b[2m:76:51)\u001b[22m\u001b[2m\u001b[22m\n","name":"/home/ing-dev/Images/blood-donation-app/backend/__tests__/integration/rateLimiter.test.js","startTime":1775131259116,"status":"failed","summary":""},{"assertionResults":[{"ancestorTitles":["Users Controller - Integration Tests","POST /api/users/register"],"duration":43,"failing":false,"failureDetails":[],"failureMessages":[],"fullName":"Users Controller - Integration Tests POST /api/users/register should register a new donor user successfully","invocations":1,"location":null,"numPassingAsserts":3,"retryReasons":[],"startAt":1775131263279,"status":"passed","title":"should register a new donor user successfully"},{"ancestorTitles":["Users Controller - Integration Tests","POST /api/users/register"],"duration":11,"failing":false,"failureDetails":[{"matcherResult":{"actual":201,"expected":400,"message":"\u001b[2mexpect(\u001b[22m\u001b[31mreceived\u001b[39m\u001b[2m).\u001b[22mtoBe\u001b[2m(\u001b[22m\u001b[32mexpected\u001b[39m\u001b[2m) // Object.is equality\u001b[22m\n\nExpected: \u001b[32m400\u001b[39m\nReceived: \u001b[31m201\u001b[39m","name":"toBe","pass":false}}],"failureMessages":["Error: \u001b[2mexpect(\u001b[22m\u001b[31mreceived\u001b[39m\u001b[2m).\u001b[22mtoBe\u001b[2m(\u001b[22m\u001b[32mexpected\u001b[39m\u001b[2m) // Object.is equality\u001b[22m\n\nExpected: \u001b[32m400\u001b[39m\nReceived: \u001b[31m201\u001b[39m\n    at Object.toBe (/home/ing-dev/Images/blood-donation-app/backend/__tests__/integration/users.test.js:107:31)\n    at processTicksAndRejections (node:internal/process/task_queues:95:5)"],"fullName":"Users Controller - Integration Tests POST /api/users/register should return 400 if manual validation fails (missing nom)","invocations":1,"location":null,"numPassingAsserts":0,"retryReasons":[],"startAt":1775131263324,"status":"failed","title":"should return 400 if manual validation fails (missing nom)"},{"ancestorTitles":["Users Controller - Integration Tests","POST /api/users/register"],"duration":20,"failing":false,"failureDetails":[],"failureMessages":[],"fullName":"Users Controller - Integration Tests POST /api/users/register should return 409 if user already exists (SequelizeUniqueConstraintError)","invocations":1,"location":null,"numPassingAsserts":2,"retryReasons":[],"startAt":1775131263369,"status":"passed","title":"should return 409 if user already exists (SequelizeUniqueConstraintError)"},{"ancestorTitles":["Users Controller - Integration Tests","POST /api/users/register"],"duration":108,"failing":false,"failureDetails":[],"failureMessages":[],"fullName":"Users Controller - Integration Tests POST /api/users/register should return 500 for other database errors","invocations":1,"location":null,"numPassingAsserts":1,"retryReasons":[],"startAt":1775131263390,"status":"passed","title":"should return 500 for other database errors"},{"ancestorTitles":["Users Controller - Integration Tests","POST /api/users/login"],"duration":18,"failing":false,"failureDetails":[],"failureMessages":[],"fullName":"Users Controller - Integration Tests POST /api/users/login should login with valid credentials","invocations":1,"location":null,"numPassingAsserts":2,"retryReasons":[],"startAt":1775131263498,"status":"passed","title":"should login with valid credentials"},{"ancestorTitles":["Users Controller - Integration Tests","POST /api/users/login"],"duration":13,"failing":false,"failureDetails":[],"failureMessages":[],"fullName":"Users Controller - Integration Tests POST /api/users/login should return 401 with invalid password","invocations":1,"location":null,"numPassingAsserts":1,"retryReasons":[],"startAt":1775131263516,"status":"passed","title":"should return 401 with invalid password"},{"ancestorTitles":["Users Controller - Integration Tests","POST /api/users/login"],"duration":11,"failing":false,"failureDetails":[{"matcherResult":{"actual":401,"expected":404,"message":"\u001b[2mexpect(\u001b[22m\u001b[31mreceived\u001b[39m\u001b[2m).\u001b[22mtoBe\u001b[2m(\u001b[22m\u001b[32mexpected\u001b[39m\u001b[2m) // Object.is equality\u001b[22m\n\nExpected: \u001b[32m404\u001b[39m\nReceived: \u001b[31m401\u001b[39m","name":"toBe","pass":false}}],"failureMessages":["Error: \u001b[2mexpect(\u001b[22m\u001b[31mreceived\u001b[39m\u001b[2m).\u001b[22mtoBe\u001b[2m(\u001b[22m\u001b[32mexpected\u001b[39m\u001b[2m) // Object.is equality\u001b[22m\n\nExpected: \u001b[32m404\u001b[39m\nReceived: \u001b[31m401\u001b[39m\n    at Object.toBe (/home/ing-dev/Images/blood-donation-app/backend/__tests__/integration/users.test.js:218:31)\n    at processTicksAndRejections (node:internal/process/task_queues:95:5)"],"fullName":"Users Controller - Integration Tests POST /api/users/login should return 404 if user not found","invocations":1,"location":null,"numPassingAsserts":0,"retryReasons":[],"startAt":1775131263529,"status":"failed","title":"should return 404 if user not found"}],"endTime":1775131263591,"message":"\u001b[1m\u001b[31m  \u001b[1m● \u001b[22m\u001b[1mUsers Controller - Integration Tests › POST /api/users/register › should return 400 if manual validation fails (missing nom)\u001b[39m\u001b[22m\n\n    \u001b[2mexpect(\u001b[22m\u001b[31mreceived\u001b[39m\u001b[2m).\u001b[22mtoBe\u001b[2m(\u001b[22m\u001b[32mexpected\u001b[39m\u001b[2m) // Object.is equality\u001b[22m\n\n    Expected: \u001b[32m400\u001b[39m\n    Received: \u001b[31m201\u001b[39m\n\u001b[2m\u001b[22m\n\u001b[2m    \u001b[0m \u001b[90m 105 |\u001b[39m         \u001b[33m.\u001b[39msend(userData)\u001b[33m;\u001b[39m\u001b[22m\n\u001b[2m     \u001b[90m 106 |\u001b[39m\u001b[22m\n\u001b[2m    \u001b[31m\u001b[1m>\u001b[22m\u001b[2m\u001b[39m\u001b[90m 107 |\u001b[39m       expect(response\u001b[33m.\u001b[39mstatus)\u001b[33m.\u001b[39mtoBe(\u001b[35m400\u001b[39m)\u001b[33m;\u001b[39m\u001b[22m\n\u001b[2m     \u001b[90m     |\u001b[39m                               \u001b[31m\u001b[1m^\u001b[22m\u001b[2m\u001b[39m\u001b[22m\n\u001b[2m     \u001b[90m 108 |\u001b[39m       expect(response\u001b[33m.\u001b[39mbody\u001b[33m.\u001b[39mmessage)\u001b[33m.\u001b[39mtoContain(\u001b[32m\"nom\"\u001b[39m)\u001b[33m;\u001b[39m\u001b[22m\n\u001b[2m     \u001b[90m 109 |\u001b[39m     })\u001b[33m;\u001b[39m\u001b[22m\n\u001b[2m     \u001b[90m 110 |\u001b[39m\u001b[0m\u001b[22m\n\u001b[2m\u001b[22m\n\u001b[2m      \u001b[2mat Object.toBe (\u001b[22m\u001b[2m\u001b[0m\u001b[36m__tests__/integration/users.test.js\u001b[39m\u001b[0m\u001b[2m:107:31)\u001b[22m\u001b[2m\u001b[22m\n\n\u001b[1m\u001b[31m  \u001b[1m● \u001b[22m\u001b[1mUsers Controller - Integration Tests › POST /api/users/login › should return 404 if user not found\u001b[39m\u001b[22m\n\n    \u001b[2mexpect(\u001b[22m\u001b[31mreceived\u001b[39m\u001b[2m).\u001b[22mtoBe\u001b[2m(\u001b[22m\u001b[32mexpected\u001b[39m\u001b[2m) // Object.is equality\u001b[22m\n\n    Expected: \u001b[32m404\u001b[39m\n    Received: \u001b[31m401\u001b[39m\n\u001b[2m\u001b[22m\n\u001b[2m    \u001b[0m \u001b[90m 216 |\u001b[39m         \u001b[33m.\u001b[39msend(credentials)\u001b[33m;\u001b[39m\u001b[22m\n\u001b[2m     \u001b[90m 217 |\u001b[39m\u001b[22m\n\u001b[2m    \u001b[31m\u001b[1m>\u001b[22m\u001b[2m\u001b[39m\u001b[90m 218 |\u001b[39m       expect(response\u001b[33m.\u001b[39mstatus)\u001b[33m.\u001b[39mtoBe(\u001b[35m404\u001b[39m)\u001b[33m;\u001b[39m\u001b[22m\n\u001b[2m     \u001b[90m     |\u001b[39m                               \u001b[31m\u001b[1m^\u001b[22m\u001b[2m\u001b[39m\u001b[22m\n\u001b[2m     \u001b[90m 219 |\u001b[39m     })\u001b[33m;\u001b[39m\u001b[22m\n\u001b[2m     \u001b[90m 220 |\u001b[39m   })\u001b[33m;\u001b[39m\u001b[22m\n\u001b[2m     \u001b[90m 221 |\u001b[39m })\u001b[33m;\u001b[39m\u001b[0m\u001b[22m\n\u001b[2m\u001b[22m\n\u001b[2m      \u001b[2mat Object.toBe (\u001b[22m\u001b[2m\u001b[0m\u001b[36m__tests__/integration/users.test.js\u001b[39m\u001b[0m\u001b[2m:218:31)\u001b[22m\u001b[2m\u001b[22m\n","name":"/home/ing-dev/Images/blood-donation-app/backend/__tests__/integration/users.test.js","startTime":1775131262765,"status":"failed","summary":""},{"assertionResults":[{"ancestorTitles":["Authentication Error Cases","POST /api/users/register - Error Handling"],"duration":80,"failing":false,"failureDetails":[],"failureMessages":[],"fullName":"Authentication Error Cases POST /api/users/register - Error Handling should return 400 for missing required fields","invocations":1,"location":null,"numPassingAsserts":3,"retryReasons":[],"startAt":1775131258249,"status":"passed","title":"should return 400 for missing required fields"},{"ancestorTitles":["Authentication Error Cases","POST /api/users/register - Error Handling"],"duration":19,"failing":false,"failureDetails":[],"failureMessages":[],"fullName":"Authentication Error Cases POST /api/users/register - Error Handling should return 400 for invalid phone format","invocations":1,"location":null,"numPassingAsserts":2,"retryReasons":[],"startAt":1775131258330,"status":"passed","title":"should return 400 for invalid phone format"},{"ancestorTitles":["Authentication Error Cases","POST /api/users/register - Error Handling"],"duration":21,"failing":false,"failureDetails":[],"failureMessages":[],"fullName":"Authentication Error Cases POST /api/users/register - Error Handling should return 400 for weak password","invocations":1,"location":null,"numPassingAsserts":2,"retryReasons":[],"startAt":1775131258349,"status":"passed","title":"should return 400 for weak password"},{"ancestorTitles":["Authentication Error Cases","POST /api/users/register - Error Handling"],"duration":16,"failing":false,"failureDetails":[],"failureMessages":[],"fullName":"Authentication Error Cases POST /api/users/register - Error Handling should return 400 for invalid blood type","invocations":1,"location":null,"numPassingAsserts":2,"retryReasons":[],"startAt":1775131258370,"status":"passed","title":"should return 400 for invalid blood type"},{"ancestorTitles":["Authentication Error Cases","POST /api/users/register - Error Handling"],"duration":376,"failing":false,"failureDetails":[],"failureMessages":[],"fullName":"Authentication Error Cases POST /api/users/register - Error Handling should return 409 for duplicate user","invocations":1,"location":null,"numPassingAsserts":2,"retryReasons":[],"startAt":1775131258386,"status":"passed","title":"should return 409 for duplicate user"},{"ancestorTitles":["Authentication Error Cases","POST /api/users/login - Error Handling"],"duration":248,"failing":false,"failureDetails":[],"failureMessages":[],"fullName":"Authentication Error Cases POST /api/users/login - Error Handling should return 400 for missing credentials","invocations":1,"location":null,"numPassingAsserts":2,"retryReasons":[],"startAt":1775131258763,"status":"passed","title":"should return 400 for missing credentials"},{"ancestorTitles":["Authentication Error Cases","POST /api/users/login - Error Handling"],"duration":430,"failing":false,"failureDetails":[{"matcherResult":{"actual":401,"expected":404,"message":"\u001b[2mexpect(\u001b[22m\u001b[31mreceived\u001b[39m\u001b[2m).\u001b[22mtoBe\u001b[2m(\u001b[22m\u001b[32mexpected\u001b[39m\u001b[2m) // Object.is equality\u001b[22m\n\nExpected: \u001b[32m404\u001b[39m\nReceived: \u001b[31m401\u001b[39m","name":"toBe","pass":false}}],"failureMessages":["Error: \u001b[2mexpect(\u001b[22m\u001b[31mreceived\u001b[39m\u001b[2m).\u001b[22mtoBe\u001b[2m(\u001b[22m\u001b[32mexpected\u001b[39m\u001b[2m) // Object.is equality\u001b[22m\n\nExpected: \u001b[32m404\u001b[39m\nReceived: \u001b[31m401\u001b[39m\n    at Object.toBe (/home/ing-dev/Images/blood-donation-app/backend/__tests__/integration/auth.error.test.js:116:26)\n    at processTicksAndRejections (node:internal/process/task_queues:95:5)"],"fullName":"Authentication Error Cases POST /api/users/login - Error Handling should return 404 for non-existent user","invocations":1,"location":null,"numPassingAsserts":0,"retryReasons":[],"startAt":1775131259011,"status":"failed","title":"should return 404 for non-existent user"},{"ancestorTitles":["Authentication Error Cases","POST /api/users/login - Error Handling"],"duration":487,"failing":false,"failureDetails":[],"failureMessages":[],"fullName":"Authentication Error Cases POST /api/users/login - Error Handling should return 401 for wrong password","invocations":1,"location":null,"numPassingAsserts":2,"retryReasons":[],"startAt":1775131259442,"status":"passed","title":"should return 401 for wrong password"},{"ancestorTitles":["Authentication Error Cases","POST /api/users/login - Error Handling"],"duration":399,"failing":false,"failureDetails":[],"failureMessages":[],"fullName":"Authentication Error Cases POST /api/users/login - Error Handling should return 200 and token for valid credentials","invocations":1,"location":null,"numPassingAsserts":3,"retryReasons":[],"startAt":1775131259929,"status":"passed","title":"should return 200 and token for valid credentials"},{"ancestorTitles":["Authentication Error Cases","Protected Routes - Authentication Errors"],"duration":175,"failing":false,"failureDetails":[],"failureMessages":[],"fullName":"Authentication Error Cases Protected Routes - Authentication Errors should return 401 for missing token on protected route","invocations":1,"location":null,"numPassingAsserts":2,"retryReasons":[],"startAt":1775131260328,"status":"passed","title":"should return 401 for missing token on protected route"},{"ancestorTitles":["Authentication Error Cases","Protected Routes - Authentication Errors"],"duration":163,"failing":false,"failureDetails":[],"failureMessages":[],"fullName":"Authentication Error Cases Protected Routes - Authentication Errors should return 401 for invalid token format","invocations":1,"location":null,"numPassingAsserts":1,"retryReasons":[],"startAt":1775131260504,"status":"passed","title":"should return 401 for invalid token format"},{"ancestorTitles":["Authentication Error Cases","Protected Routes - Authentication Errors"],"duration":183,"failing":false,"failureDetails":[],"failureMessages":[],"fullName":"Authentication Error Cases Protected Routes - Authentication Errors should return 401 for expired token","invocations":1,"location":null,"numPassingAsserts":1,"retryReasons":[],"startAt":1775131260667,"status":"passed","title":"should return 401 for expired token"},{"ancestorTitles":["Authentication Error Cases","Protected Routes - Authentication Errors"],"duration":225,"failing":false,"failureDetails":[],"failureMessages":[],"fullName":"Authentication Error Cases Protected Routes - Authentication Errors should allow access with valid token","invocations":1,"location":null,"numPassingAsserts":1,"retryReasons":[],"startAt":1775131260851,"status":"passed","title":"should allow access with valid token"},{"ancestorTitles":["Authentication Error Cases","Rate Limiting Error"],"duration":2494,"failing":false,"failureDetails":[{"matcherResult":{"actual":401,"expected":429,"message":"\u001b[2mexpect(\u001b[22m\u001b[31mreceived\u001b[39m\u001b[2m).\u001b[22mtoBe\u001b[2m(\u001b[22m\u001b[32mexpected\u001b[39m\u001b[2m) // Object.is equality\u001b[22m\n\nExpected: \u001b[32m429\u001b[39m\nReceived: \u001b[31m401\u001b[39m","name":"toBe","pass":false}}],"failureMessages":["Error: \u001b[2mexpect(\u001b[22m\u001b[31mreceived\u001b[39m\u001b[2m).\u001b[22mtoBe\u001b[2m(\u001b[22m\u001b[32mexpected\u001b[39m\u001b[2m) // Object.is equality\u001b[22m\n\nExpected: \u001b[32m429\u001b[39m\nReceived: \u001b[31m401\u001b[39m\n    at Object.toBe (/home/ing-dev/Images/blood-donation-app/backend/__tests__/integration/auth.error.test.js:225:26)\n    at processTicksAndRejections (node:internal/process/task_queues:95:5)"],"fullName":"Authentication Error Cases Rate Limiting Error should return 429 after exceeding rate limit","invocations":1,"location":null,"numPassingAsserts":0,"retryReasons":[],"startAt":1775131261077,"status":"failed","title":"should return 429 after exceeding rate limit"}],"endTime":1775131263638,"message":"\u001b[1m\u001b[31m  \u001b[1m● \u001b[22m\u001b[1mAuthentication Error Cases › POST /api/users/login - Error Handling › should return 404 for non-existent user\u001b[39m\u001b[22m\n\n    \u001b[2mexpect(\u001b[22m\u001b[31mreceived\u001b[39m\u001b[2m).\u001b[22mtoBe\u001b[2m(\u001b[22m\u001b[32mexpected\u001b[39m\u001b[2m) // Object.is equality\u001b[22m\n\n    Expected: \u001b[32m404\u001b[39m\n    Received: \u001b[31m401\u001b[39m\n\u001b[2m\u001b[22m\n\u001b[2m    \u001b[0m \u001b[90m 114 |\u001b[39m       })\u001b[33m;\u001b[39m\u001b[22m\n\u001b[2m     \u001b[90m 115 |\u001b[39m\u001b[22m\n\u001b[2m    \u001b[31m\u001b[1m>\u001b[22m\u001b[2m\u001b[39m\u001b[90m 116 |\u001b[39m       expect(res\u001b[33m.\u001b[39mstatus)\u001b[33m.\u001b[39mtoBe(\u001b[35m404\u001b[39m)\u001b[33m;\u001b[39m\u001b[22m\n\u001b[2m     \u001b[90m     |\u001b[39m                          \u001b[31m\u001b[1m^\u001b[22m\u001b[2m\u001b[39m\u001b[22m\n\u001b[2m     \u001b[90m 117 |\u001b[39m       expect(res\u001b[33m.\u001b[39mbody\u001b[33m.\u001b[39mmessage)\u001b[33m.\u001b[39mtoContain(\u001b[32m\"incorrects\"\u001b[39m)\u001b[33m;\u001b[39m\u001b[22m\n\u001b[2m     \u001b[90m 118 |\u001b[39m     })\u001b[33m;\u001b[39m\u001b[22m\n\u001b[2m     \u001b[90m 119 |\u001b[39m\u001b[0m\u001b[22m\n\u001b[2m\u001b[22m\n\u001b[2m      \u001b[2mat Object.toBe (\u001b[22m\u001b[2m\u001b[0m\u001b[36m__tests__/integration/auth.error.test.js\u001b[39m\u001b[0m\u001b[2m:116:26)\u001b[22m\u001b[2m\u001b[22m\n\n\u001b[1m\u001b[31m  \u001b[1m● \u001b[22m\u001b[1mAuthentication Error Cases › Rate Limiting Error › should return 429 after exceeding rate limit\u001b[39m\u001b[22m\n\n    \u001b[2mexpect(\u001b[22m\u001b[31mreceived\u001b[39m\u001b[2m).\u001b[22mtoBe\u001b[2m(\u001b[22m\u001b[32mexpected\u001b[39m\u001b[2m) // Object.is equality\u001b[22m\n\n    Expected: \u001b[32m429\u001b[39m\n    Received: \u001b[31m401\u001b[39m\n\u001b[2m\u001b[22m\n\u001b[2m    \u001b[0m \u001b[90m 223 |\u001b[39m       }\u001b[22m\n\u001b[2m     \u001b[90m 224 |\u001b[39m\u001b[22m\n\u001b[2m    \u001b[31m\u001b[1m>\u001b[22m\u001b[2m\u001b[39m\u001b[90m 225 |\u001b[39m       expect(res\u001b[33m.\u001b[39mstatus)\u001b[33m.\u001b[39mtoBe(\u001b[35m429\u001b[39m)\u001b[33m;\u001b[39m\u001b[22m\n\u001b[2m     \u001b[90m     |\u001b[39m                          \u001b[31m\u001b[1m^\u001b[22m\u001b[2m\u001b[39m\u001b[22m\n\u001b[2m     \u001b[90m 226 |\u001b[39m       expect(res\u001b[33m.\u001b[39mbody\u001b[33m.\u001b[39mmessage\u001b[33m.\u001b[39mtoLowerCase())\u001b[33m.\u001b[39mtoContain(\u001b[32m\"trop de\"\u001b[39m)\u001b[33m;\u001b[39m\u001b[22m\n\u001b[2m     \u001b[90m 227 |\u001b[39m     })\u001b[33m;\u001b[39m\u001b[22m\n\u001b[2m     \u001b[90m 228 |\u001b[39m   })\u001b[33m;\u001b[39m\u001b[0m\u001b[22m\n\u001b[2m\u001b[22m\n\u001b[2m      \u001b[2mat Object.toBe (\u001b[22m\u001b[2m\u001b[0m\u001b[36m__tests__/integration/auth.error.test.js\u001b[39m\u001b[0m\u001b[2m:225:26)\u001b[22m\u001b[2m\u001b[22m\n","name":"/home/ing-dev/Images/blood-donation-app/backend/__tests__/integration/auth.error.test.js","startTime":1775131252867,"status":"failed","summary":""},{"assertionResults":[{"ancestorTitles":["Validation Middleware","Login validation"],"duration":9,"failing":false,"failureDetails":[],"failureMessages":[],"fullName":"Validation Middleware Login validation should pass with valid login data","invocations":1,"location":null,"numPassingAsserts":2,"retryReasons":[],"startAt":1775131263537,"status":"passed","title":"should pass with valid login data"},{"ancestorTitles":["Validation Middleware","Login validation"],"duration":9,"failing":false,"failureDetails":[],"failureMessages":[],"fullName":"Validation Middleware Login validation should reject invalid telephone","invocations":1,"location":null,"numPassingAsserts":2,"retryReasons":[],"startAt":1775131263548,"status":"passed","title":"should reject invalid telephone"},{"ancestorTitles":["Validation Middleware","Login validation"],"duration":4,"failing":false,"failureDetails":[],"failureMessages":[],"fullName":"Validation Middleware Login validation should reject short password","invocations":1,"location":null,"numPassingAsserts":2,"retryReasons":[],"startAt":1775131263557,"status":"passed","title":"should reject short password"},{"ancestorTitles":["Validation Middleware","Register validation"],"duration":13,"failing":false,"failureDetails":[{"matcherResult":{"message":"\u001b[2mexpect(\u001b[22m\u001b[31mjest.fn()\u001b[39m\u001b[2m).\u001b[22mtoHaveBeenCalled\u001b[2m()\u001b[22m\n\nExpected number of calls: >= \u001b[32m1\u001b[39m\nReceived number of calls:    \u001b[31m0\u001b[39m","pass":false}}],"failureMessages":["Error: \u001b[2mexpect(\u001b[22m\u001b[31mjest.fn()\u001b[39m\u001b[2m).\u001b[22mtoHaveBeenCalled\u001b[2m()\u001b[22m\n\nExpected number of calls: >= \u001b[32m1\u001b[39m\nReceived number of calls:    \u001b[31m0\u001b[39m\n    at Object.toHaveBeenCalled (/home/ing-dev/Images/blood-donation-app/backend/__tests__/middleware/validation.test.js:86:24)\n    at Promise.finally.completed (/home/ing-dev/Images/blood-donation-app/backend/node_modules/jest-circus/build/jestAdapterInit.js:1557:28)\n    at new Promise (<anonymous>)\n    at callAsyncCircusFn (/home/ing-dev/Images/blood-donation-app/backend/node_modules/jest-circus/build/jestAdapterInit.js:1497:10)\n    at _callCircusTest (/home/ing-dev/Images/blood-donation-app/backend/node_modules/jest-circus/build/jestAdapterInit.js:1007:40)\n    at processTicksAndRejections (node:internal/process/task_queues:95:5)\n    at _runTest (/home/ing-dev/Images/blood-donation-app/backend/node_modules/jest-circus/build/jestAdapterInit.js:947:3)\n    at /home/ing-dev/Images/blood-donation-app/backend/node_modules/jest-circus/build/jestAdapterInit.js:849:7\n    at _runTestsForDescribeBlock (/home/ing-dev/Images/blood-donation-app/backend/node_modules/jest-circus/build/jestAdapterInit.js:862:11)\n    at _runTestsForDescribeBlock (/home/ing-dev/Images/blood-donation-app/backend/node_modules/jest-circus/build/jestAdapterInit.js:857:11)\n    at _runTestsForDescribeBlock (/home/ing-dev/Images/blood-donation-app/backend/node_modules/jest-circus/build/jestAdapterInit.js:857:11)\n    at run (/home/ing-dev/Images/blood-donation-app/backend/node_modules/jest-circus/build/jestAdapterInit.js:761:3)\n    at runAndTransformResultsToJestFormat (/home/ing-dev/Images/blood-donation-app/backend/node_modules/jest-circus/build/jestAdapterInit.js:1918:21)\n    at jestAdapter (/home/ing-dev/Images/blood-donation-app/backend/node_modules/jest-circus/build/runner.js:101:19)\n    at runTestInternal (/home/ing-dev/Images/blood-donation-app/backend/node_modules/jest-runner/build/testWorker.js:275:16)\n    at runTest (/home/ing-dev/Images/blood-donation-app/backend/node_modules/jest-runner/build/testWorker.js:343:7)\n    at Object.worker (/home/ing-dev/Images/blood-donation-app/backend/node_modules/jest-runner/build/testWorker.js:497:12)"],"fullName":"Validation Middleware Register validation should pass with valid register data","invocations":1,"location":null,"numPassingAsserts":0,"retryReasons":[],"startAt":1775131263563,"status":"failed","title":"should pass with valid register data"},{"ancestorTitles":["Validation Middleware","Register validation"],"duration":5,"failing":false,"failureDetails":[],"failureMessages":[],"fullName":"Validation Middleware Register validation should reject invalid blood type","invocations":1,"location":null,"numPassingAsserts":1,"retryReasons":[],"startAt":1775131263602,"status":"passed","title":"should reject invalid blood type"},{"ancestorTitles":["Validation Middleware","Register validation"],"duration":5,"failing":false,"failureDetails":[],"failureMessages":[],"fullName":"Validation Middleware Register validation should reject missing required fields","invocations":1,"location":null,"numPassingAsserts":1,"retryReasons":[],"startAt":1775131263611,"status":"passed","title":"should reject missing required fields"},{"ancestorTitles":["Validation Middleware","Search users validation"],"duration":6,"failing":false,"failureDetails":[],"failureMessages":[],"fullName":"Validation Middleware Search users validation should pass with valid search data","invocations":1,"location":null,"numPassingAsserts":1,"retryReasons":[],"startAt":1775131263616,"status":"passed","title":"should pass with valid search data"},{"ancestorTitles":["Validation Middleware","Search users validation"],"duration":5,"failing":false,"failureDetails":[],"failureMessages":[],"fullName":"Validation Middleware Search users validation should reject invalid coordinates","invocations":1,"location":null,"numPassingAsserts":1,"retryReasons":[],"startAt":1775131263622,"status":"passed","title":"should reject invalid coordinates"}],"endTime":1775131263643,"message":"\u001b[1m\u001b[31m  \u001b[1m● \u001b[22m\u001b[1mValidation Middleware › Register validation › should pass with valid register data\u001b[39m\u001b[22m\n\n    \u001b[2mexpect(\u001b[22m\u001b[31mjest.fn()\u001b[39m\u001b[2m).\u001b[22mtoHaveBeenCalled\u001b[2m()\u001b[22m\n\n    Expected number of calls: >= \u001b[32m1\u001b[39m\n    Received number of calls:    \u001b[31m0\u001b[39m\n\u001b[2m\u001b[22m\n\u001b[2m    \u001b[0m \u001b[90m 84 |\u001b[39m       middleware(req\u001b[33m,\u001b[39m res\u001b[33m,\u001b[39m mockNext)\u001b[33m;\u001b[39m\u001b[22m\n\u001b[2m     \u001b[90m 85 |\u001b[39m\u001b[22m\n\u001b[2m    \u001b[31m\u001b[1m>\u001b[22m\u001b[2m\u001b[39m\u001b[90m 86 |\u001b[39m       expect(mockNext)\u001b[33m.\u001b[39mtoHaveBeenCalled()\u001b[33m;\u001b[39m\u001b[22m\n\u001b[2m     \u001b[90m    |\u001b[39m                        \u001b[31m\u001b[1m^\u001b[22m\u001b[2m\u001b[39m\u001b[22m\n\u001b[2m     \u001b[90m 87 |\u001b[39m     })\u001b[33m;\u001b[39m\u001b[22m\n\u001b[2m     \u001b[90m 88 |\u001b[39m\u001b[22m\n\u001b[2m     \u001b[90m 89 |\u001b[39m     test(\u001b[32m'should reject invalid blood type'\u001b[39m\u001b[33m,\u001b[39m () \u001b[33m=>\u001b[39m {\u001b[0m\u001b[22m\n\u001b[2m\u001b[22m\n\u001b[2m      \u001b[2mat Object.toHaveBeenCalled (\u001b[22m\u001b[2m\u001b[0m\u001b[36m__tests__/middleware/validation.test.js\u001b[39m\u001b[0m\u001b[2m:86:24)\u001b[22m\u001b[2m\u001b[22m\n","name":"/home/ing-dev/Images/blood-donation-app/backend/__tests__/middleware/validation.test.js","startTime":1775131262994,"status":"failed","summary":""},{"assertionResults":[{"ancestorTitles":["🔥 Flux Complet : Alerte SOS et Confirmation de Don"],"duration":1170,"failing":false,"failureDetails":[],"failureMessages":[],"fullName":"🔥 Flux Complet : Alerte SOS et Confirmation de Don 1. Inscription et Connexion des utilisateurs A et B","invocations":1,"location":null,"numPassingAsserts":2,"retryReasons":[],"startAt":1775131266641,"status":"passed","title":"1. Inscription et Connexion des utilisateurs A et B"},{"ancestorTitles":["🔥 Flux Complet : Alerte SOS et Confirmation de Don"],"duration":106,"failing":false,"failureDetails":[],"failureMessages":[],"fullName":"🔥 Flux Complet : Alerte SOS et Confirmation de Don 2. Utilisateur A lance une alerte urgente B+","invocations":1,"location":null,"numPassingAsserts":1,"retryReasons":[],"startAt":1775131267816,"status":"passed","title":"2. Utilisateur A lance une alerte urgente B+"},{"ancestorTitles":["🔥 Flux Complet : Alerte SOS et Confirmation de Don"],"duration":32,"failing":false,"failureDetails":[],"failureMessages":[],"fullName":"🔥 Flux Complet : Alerte SOS et Confirmation de Don 3. Utilisateur B consulte les alertes publiques","invocations":1,"location":null,"numPassingAsserts":2,"retryReasons":[],"startAt":1775131267922,"status":"passed","title":"3. Utilisateur B consulte les alertes publiques"},{"ancestorTitles":["🔥 Flux Complet : Alerte SOS et Confirmation de Don"],"duration":67,"failing":false,"failureDetails":[],"failureMessages":[],"fullName":"🔥 Flux Complet : Alerte SOS et Confirmation de Don 4. Utilisateur B accepte l'alerte","invocations":1,"location":null,"numPassingAsserts":2,"retryReasons":[],"startAt":1775131267954,"status":"passed","title":"4. Utilisateur B accepte l'alerte"},{"ancestorTitles":["🔥 Flux Complet : Alerte SOS et Confirmation de Don"],"duration":23,"failing":false,"failureDetails":[],"failureMessages":[],"fullName":"🔥 Flux Complet : Alerte SOS et Confirmation de Don 5. Utilisateur B confirme le don","invocations":1,"location":null,"numPassingAsserts":2,"retryReasons":[],"startAt":1775131268021,"status":"passed","title":"5. Utilisateur B confirme le don"},{"ancestorTitles":["🔥 Flux Complet : Alerte SOS et Confirmation de Don"],"duration":57,"failing":false,"failureDetails":[],"failureMessages":[],"fullName":"🔥 Flux Complet : Alerte SOS et Confirmation de Don 6. Utilisateur A vérifie le statut final","invocations":1,"location":null,"numPassingAsserts":3,"retryReasons":[],"startAt":1775131268045,"status":"passed","title":"6. Utilisateur A vérifie le statut final"}],"endTime":1775131268107,"message":"","name":"/home/ing-dev/Images/blood-donation-app/backend/__tests__/integration/fullAlertFlow.test.js","startTime":1775131263676,"status":"passed","summary":""},{"assertionResults":[{"ancestorTitles":["Alerts Controller - Integration Tests","POST /api/alerts (Create Alert)"],"duration":677,"failing":false,"failureDetails":[],"failureMessages":[],"fullName":"Alerts Controller - Integration Tests POST /api/alerts (Create Alert) should create alert with valid data","invocations":1,"location":null,"numPassingAsserts":3,"retryReasons":[],"startAt":1775131264281,"status":"passed","title":"should create alert with valid data"},{"ancestorTitles":["Alerts Controller - Integration Tests","POST /api/alerts (Create Alert)"],"duration":673,"failing":false,"failureDetails":[],"failureMessages":[],"fullName":"Alerts Controller - Integration Tests POST /api/alerts (Create Alert) should reject invalid blood group","invocations":1,"location":null,"numPassingAsserts":1,"retryReasons":[],"startAt":1775131264959,"status":"passed","title":"should reject invalid blood group"},{"ancestorTitles":["Alerts Controller - Integration Tests","POST /api/alerts (Create Alert)"],"duration":626,"failing":false,"failureDetails":[],"failureMessages":[],"fullName":"Alerts Controller - Integration Tests POST /api/alerts (Create Alert) should reject missing required fields","invocations":1,"location":null,"numPassingAsserts":1,"retryReasons":[],"startAt":1775131265633,"status":"passed","title":"should reject missing required fields"},{"ancestorTitles":["Alerts Controller - Integration Tests","POST /api/alerts (Create Alert)"],"duration":452,"failing":false,"failureDetails":[],"failureMessages":[],"fullName":"Alerts Controller - Integration Tests POST /api/alerts (Create Alert) should accept optional description","invocations":1,"location":null,"numPassingAsserts":1,"retryReasons":[],"startAt":1775131266259,"status":"passed","title":"should accept optional description"},{"ancestorTitles":["Alerts Controller - Integration Tests","POST /api/alerts (Create Alert)"],"duration":521,"failing":false,"failureDetails":[],"failureMessages":[],"fullName":"Alerts Controller - Integration Tests POST /api/alerts (Create Alert) should reject radius greater than 100","invocations":1,"location":null,"numPassingAsserts":1,"retryReasons":[],"startAt":1775131266711,"status":"passed","title":"should reject radius greater than 100"},{"ancestorTitles":["Alerts Controller - Integration Tests","GET /api/alerts/:id/status"],"duration":464,"failing":false,"failureDetails":[],"failureMessages":[],"fullName":"Alerts Controller - Integration Tests GET /api/alerts/:id/status should attempt to retrieve alert details","invocations":1,"location":null,"numPassingAsserts":1,"retryReasons":[],"startAt":1775131267232,"status":"passed","title":"should attempt to retrieve alert details"},{"ancestorTitles":["Alerts Controller - Integration Tests","DELETE /api/alerts/:id (Cancel Alert)"],"duration":507,"failing":false,"failureDetails":[],"failureMessages":[],"fullName":"Alerts Controller - Integration Tests DELETE /api/alerts/:id (Cancel Alert) should attempt to cancel alert","invocations":1,"location":null,"numPassingAsserts":1,"retryReasons":[],"startAt":1775131267696,"status":"passed","title":"should attempt to cancel alert"}],"endTime":1775131268206,"message":"","name":"/home/ing-dev/Images/blood-donation-app/backend/__tests__/integration/alerts.test.js","startTime":1775131263612,"status":"passed","summary":""},{"assertionResults":[{"ancestorTitles":["Rendez-vous Controller - Integration Tests","POST /api/rendez-vous (Create)"],"duration":529,"failing":false,"failureDetails":[],"failureMessages":[],"fullName":"Rendez-vous Controller - Integration Tests POST /api/rendez-vous (Create) should create rendez-vous with valid data","invocations":1,"location":null,"numPassingAsserts":2,"retryReasons":[],"startAt":1775131264227,"status":"passed","title":"should create rendez-vous with valid data"},{"ancestorTitles":["Rendez-vous Controller - Integration Tests","POST /api/rendez-vous (Create)"],"duration":448,"failing":false,"failureDetails":[],"failureMessages":[],"fullName":"Rendez-vous Controller - Integration Tests POST /api/rendez-vous (Create) should reject invalid date format","invocations":1,"location":null,"numPassingAsserts":1,"retryReasons":[],"startAt":1775131264757,"status":"passed","title":"should reject invalid date format"},{"ancestorTitles":["Rendez-vous Controller - Integration Tests","POST /api/rendez-vous (Create)"],"duration":417,"failing":false,"failureDetails":[],"failureMessages":[],"fullName":"Rendez-vous Controller - Integration Tests POST /api/rendez-vous (Create) should reject request without required id_centre","invocations":1,"location":null,"numPassingAsserts":1,"retryReasons":[],"startAt":1775131265206,"status":"passed","title":"should reject request without required id_centre"},{"ancestorTitles":["Rendez-vous Controller - Integration Tests","POST /api/rendez-vous (Create)"],"duration":357,"failing":false,"failureDetails":[],"failureMessages":[],"fullName":"Rendez-vous Controller - Integration Tests POST /api/rendez-vous (Create) should reject request without required date_rdv","invocations":1,"location":null,"numPassingAsserts":1,"retryReasons":[],"startAt":1775131265624,"status":"passed","title":"should reject request without required date_rdv"},{"ancestorTitles":["Rendez-vous Controller - Integration Tests","GET /api/rendez-vous/my-appointments"],"duration":466,"failing":false,"failureDetails":[],"failureMessages":[],"fullName":"Rendez-vous Controller - Integration Tests GET /api/rendez-vous/my-appointments should retrieve user rendez-vous list","invocations":1,"location":null,"numPassingAsserts":1,"retryReasons":[],"startAt":1775131265981,"status":"passed","title":"should retrieve user rendez-vous list"},{"ancestorTitles":["Rendez-vous Controller - Integration Tests","GET /api/rendez-vous/:id"],"duration":451,"failing":false,"failureDetails":[],"failureMessages":[],"fullName":"Rendez-vous Controller - Integration Tests GET /api/rendez-vous/:id should get rendez-vous details when found","invocations":1,"location":null,"numPassingAsserts":1,"retryReasons":[],"startAt":1775131266447,"status":"passed","title":"should get rendez-vous details when found"},{"ancestorTitles":["Rendez-vous Controller - Integration Tests","GET /api/rendez-vous/:id"],"duration":419,"failing":false,"failureDetails":[],"failureMessages":[],"fullName":"Rendez-vous Controller - Integration Tests GET /api/rendez-vous/:id should return 404 when rendez-vous not found","invocations":1,"location":null,"numPassingAsserts":1,"retryReasons":[],"startAt":1775131266898,"status":"passed","title":"should return 404 when rendez-vous not found"},{"ancestorTitles":["Rendez-vous Controller - Integration Tests","DELETE /api/rendez-vous/:id (Cancel)"],"duration":341,"failing":false,"failureDetails":[],"failureMessages":[],"fullName":"Rendez-vous Controller - Integration Tests DELETE /api/rendez-vous/:id (Cancel) should cancel rendez-vous owned by user","invocations":1,"location":null,"numPassingAsserts":1,"retryReasons":[],"startAt":1775131267318,"status":"passed","title":"should cancel rendez-vous owned by user"},{"ancestorTitles":["Rendez-vous Controller - Integration Tests","DELETE /api/rendez-vous/:id (Cancel)"],"duration":600,"failing":false,"failureDetails":[],"failureMessages":[],"fullName":"Rendez-vous Controller - Integration Tests D
[...]
"startAt":1775131268768,"status":"passed","title":"should reject short password"},{"ancestorTitles":["Joi Validation Schemas","Login Schema"],"duration":3,"failing":false,"failureDetails":[],"failureMessages":[],"fullName":"Joi Validation Schemas Login Schema should require both fields","invocations":1,"location":null,"numPassingAsserts":1,"retryReasons":[],"startAt":1775131268772,"status":"passed","title":"should require both fields"},{"ancestorTitles":["Joi Validation Schemas","Register Schema"],"duration":2,"failing":false,"failureDetails":[],"failureMessages":[],"fullName":"Joi Validation Schemas Register Schema should validate correct registration data","invocations":1,"location":null,"numPassingAsserts":1,"retryReasons":[],"startAt":1775131268778,"status":"passed","title":"should validate correct registration data"},{"ancestorTitles":["Joi Validation Schemas","Register Schema"],"duration":2,"failing":false,"failureDetails":[],"failureMessages":[],"fullName":"Joi Validation Schemas Register Schema should reject invalid blood group","invocations":1,"location":null,"numPassingAsserts":1,"retryReasons":[],"startAt":1775131268783,"status":"passed","title":"should reject invalid blood group"},{"ancestorTitles":["Joi Validation Schemas","Register Schema"],"duration":1,"failing":false,"failureDetails":[],"failureMessages":[],"fullName":"Joi Validation Schemas Register Schema should reject short name","invocations":1,"location":null,"numPassingAsserts":1,"retryReasons":[],"startAt":1775131268786,"status":"passed","title":"should reject short name"},{"ancestorTitles":["Joi Validation Schemas","Register Schema"],"duration":2,"failing":false,"failureDetails":[],"failureMessages":[],"fullName":"Joi Validation Schemas Register Schema should reject missing required fields","invocations":1,"location":null,"numPassingAsserts":1,"retryReasons":[],"startAt":1775131268787,"status":"passed","title":"should reject missing required fields"},{"ancestorTitles":["Joi Validation Schemas","Create Alert Schema"],"duration":2,"failing":false,"failureDetails":[],"failureMessages":[],"fullName":"Joi Validation Schemas Create Alert Schema should validate correct alert data","invocations":1,"location":null,"numPassingAsserts":1,"retryReasons":[],"startAt":1775131268789,"status":"passed","title":"should validate correct alert data"},{"ancestorTitles":["Joi Validation Schemas","Create Alert Schema"],"duration":2,"failing":false,"failureDetails":[],"failureMessages":[],"fullName":"Joi Validation Schemas Create Alert Schema should accept default radius","invocations":1,"location":null,"numPassingAsserts":2,"retryReasons":[],"startAt":1775131268791,"status":"passed","title":"should accept default radius"},{"ancestorTitles":["Joi Validation Schemas","Create Alert Schema"],"duration":2,"failing":false,"failureDetails":[],"failureMessages":[],"fullName":"Joi Validation Schemas Create Alert Schema should reject invalid urgence level","invocations":1,"location":null,"numPassingAsserts":1,"retryReasons":[],"startAt":1775131268793,"status":"passed","title":"should reject invalid urgence level"},{"ancestorTitles":["Joi Validation Schemas","Create Alert Schema"],"duration":3,"failing":false,"failureDetails":[],"failureMessages":[],"fullName":"Joi Validation Schemas Create Alert Schema should reject invalid latitude","invocations":1,"location":null,"numPassingAsserts":1,"retryReasons":[],"startAt":1775131268796,"status":"passed","title":"should reject invalid latitude"},{"ancestorTitles":["Joi Validation Schemas","Create Alert Schema"],"duration":1,"failing":false,"failureDetails":[],"failureMessages":[],"fullName":"Joi Validation Schemas Create Alert Schema should reject radius > 100","invocations":1,"location":null,"numPassingAsserts":1,"retryReasons":[],"startAt":1775131268799,"status":"passed","title":"should reject radius > 100"},{"ancestorTitles":["Joi Validation Schemas","Create Alert Schema"],"duration":2,"failing":false,"failureDetails":[],"failureMessages":[],"fullName":"Joi Validation Schemas Create Alert Schema should reject quantite < 1","invocations":1,"location":null,"numPassingAsserts":1,"retryReasons":[],"startAt":1775131268803,"status":"passed","title":"should reject quantite < 1"},{"ancestorTitles":["Joi Validation Schemas","Search Users Schema"],"duration":1,"failing":false,"failureDetails":[],"failureMessages":[],"fullName":"Joi Validation Schemas Search Users Schema should validate correct search data","invocations":1,"location":null,"numPassingAsserts":1,"retryReasons":[],"startAt":1775131268806,"status":"passed","title":"should validate correct search data"},{"ancestorTitles":["Joi Validation Schemas","Search Users Schema"],"duration":1,"failing":false,"failureDetails":[],"failureMessages":[],"fullName":"Joi Validation Schemas Search Users Schema should require all parameters","invocations":1,"location":null,"numPassingAsserts":1,"retryReasons":[],"startAt":1775131268807,"status":"passed","title":"should require all parameters"}],"endTime":1775131268811,"message":"","name":"/home/ing-dev/Images/blood-donation-app/backend/__tests__/unit/schemas.test.js","startTime":1775131268278,"status":"passed","summary":""},{"assertionResults":[{"ancestorTitles":["Centres Controller - Integration Tests","GET /api/centres"],"duration":335,"failing":false,"failureDetails":[],"failureMessages":[],"fullName":"Centres Controller - Integration Tests GET /api/centres should retrieve all centres","invocations":1,"location":null,"numPassingAsserts":2,"retryReasons":[],"startAt":1775131268569,"status":"passed","title":"should retrieve all centres"},{"ancestorTitles":["Centres Controller - Integration Tests","GET /api/centres/:id"],"duration":7,"failing":false,"failureDetails":[],"failureMessages":[],"fullName":"Centres Controller - Integration Tests GET /api/centres/:id should retrieve centre details","invocations":1,"location":null,"numPassingAsserts":1,"retryReasons":[],"startAt":1775131268905,"status":"passed","title":"should retrieve centre details"},{"ancestorTitles":["Centres Controller - Integration Tests","GET /api/centres/:id"],"duration":8,"failing":false,"failureDetails":[],"failureMessages":[],"fullName":"Centres Controller - Integration Tests GET /api/centres/:id should handle invalid ID","invocations":1,"location":null,"numPassingAsserts":1,"retryReasons":[],"startAt":1775131268913,"status":"passed","title":"should handle invalid ID"},{"ancestorTitles":["Centres Controller - Integration Tests","GET /api/centres/search"],"duration":12,"failing":false,"failureDetails":[],"failureMessages":[],"fullName":"Centres Controller - Integration Tests GET /api/centres/search should search nearby centres","invocations":1,"location":null,"numPassingAsserts":1,"retryReasons":[],"startAt":1775131268921,"status":"passed","title":"should search nearby centres"},{"ancestorTitles":["Centres Controller - Integration Tests","GET /api/centres/search"],"duration":11,"failing":false,"failureDetails":[],"failureMessages":[],"fullName":"Centres Controller - Integration Tests GET /api/centres/search should reject missing parameters","invocations":1,"location":null,"numPassingAsserts":1,"retryReasons":[],"startAt":1775131268934,"status":"passed","title":"should reject missing parameters"},{"ancestorTitles":["Centres Controller - Integration Tests","GET /api/centres/search"],"duration":10,"failing":false,"failureDetails":[],"failureMessages":[],"fullName":"Centres Controller - Integration Tests GET /api/centres/search should reject invalid latitude","invocations":1,"location":null,"numPassingAsserts":1,"retryReasons":[],"startAt":1775131268945,"status":"passed","title":"should reject invalid latitude"},{"ancestorTitles":["Centres Controller - Integration Tests","GET /api/centres/search"],"duration":8,"failing":false,"failureDetails":[],"failureMessages":[],"fullName":"Centres Controller - Integration Tests GET /api/centres/search should reject invalid longitude","invocations":1,"location":null,"numPassingAsserts":1,"retryReasons":[],"startAt":1775131268955,"status":"passed","title":"should reject invalid longitude"},{"ancestorTitles":["Centres Controller - Integration Tests","GET /api/centres/search"],"duration":9,"failing":false,"failureDetails":[],"failureMessages":[],"fullName":"Centres Controller - Integration Tests GET /api/centres/search should validate radius range","invocations":1,"location":null,"numPassingAsserts":1,"retryReasons":[],"startAt":1775131268964,"status":"passed","title":"should validate radius range"},{"ancestorTitles":["Centres Controller - Integration Tests","GET /api/centres/:id/availability"],"duration":7,"failing":false,"failureDetails":[],"failureMessages":[],"fullName":"Centres Controller - Integration Tests GET /api/centres/:id/availability should get centre availability slots","invocations":1,"location":null,"numPassingAsserts":1,"retryReasons":[],"startAt":1775131268974,"status":"passed","title":"should get centre availability slots"},{"ancestorTitles":["Centres Controller - Integration Tests","GET /api/centres/:id/stock"],"duration":7,"failing":false,"failureDetails":[],"failureMessages":[],"fullName":"Centres Controller - Integration Tests GET /api/centres/:id/stock should get blood stock levels","invocations":1,"location":null,"numPassingAsserts":1,"retryReasons":[],"startAt":1775131268982,"status":"passed","title":"should get blood stock levels"}],"endTime":1775131268992,"message":"","name":"/home/ing-dev/Images/blood-donation-app/backend/__tests__/integration/centres.test.js","startTime":1775131268126,"status":"passed","summary":""},{"assertionResults":[{"ancestorTitles":["Notification Processor Unit Tests"],"duration":22,"failing":false,"failureDetails":[],"failureMessages":[],"fullName":"Notification Processor Unit Tests should process campaign notifications correctly","invocations":1,"location":null,"numPassingAsserts":3,"retryReasons":[],"startAt":1775131269031,"status":"passed","title":"should process campaign notifications correctly"},{"ancestorTitles":["Notification Processor Unit Tests"],"duration":30,"failing":false,"failureDetails":[],"failureMessages":[],"fullName":"Notification Processor Unit Tests should process emergency alerts correctly and find compatible donors","invocations":1,"location":null,"numPassingAsserts":4,"retryReasons":[],"startAt":1775131269057,"status":"passed","title":"should process emergency alerts correctly and find compatible donors"},{"ancestorTitles":["Notification Processor Unit Tests"],"duration":11,"failing":false,"failureDetails":[],"failureMessages":[],"fullName":"Notification Processor Unit Tests should handle the case where no donors are found","invocations":1,"location":null,"numPassingAsserts":3,"retryReasons":[],"startAt":1775131269087,"status":"passed","title":"should handle the case where no donors are found"}],"endTime":1775131269108,"message":"","name":"/home/ing-dev/Images/blood-donation-app/backend/__tests__/unit/notification.worker.test.js","startTime":1775131268217,"status":"passed","summary":""},{"assertionResults":[{"ancestorTitles":["Authentication Middleware - verifyToken"],"duration":5,"failing":false,"failureDetails":[],"failureMessages":[],"fullName":"Authentication Middleware - verifyToken should return 401 if no token provided","invocations":1,"location":null,"numPassingAsserts":1,"retryReasons":[],"startAt":1775131269285,"status":"passed","title":"should return 401 if no token provided"},{"ancestorTitles":["Authentication Middleware - verifyToken"],"duration":6,"failing":false,"failureDetails":[],"failureMessages":[],"fullName":"Authentication Middleware - verifyToken should return 401 if invalid token","invocations":1,"location":null,"numPassingAsserts":1,"retryReasons":[],"startAt":1775131269291,"status":"passed","title":"should return 401 if invalid token"},{"ancestorTitles":["Authentication Middleware - verifyToken"],"duration":3,"failing":false,"failureDetails":[],"failureMessages":[],"fullName":"Authentication Middleware - verifyToken should call next if valid token","invocations":1,"location":null,"numPassingAsserts":2,"retryReasons":[],"startAt":1775131269298,"status":"passed","title":"should call next if valid token"}],"endTime":1775131269304,"message":"","name":"/home/ing-dev/Images/blood-donation-app/backend/__tests__/unit/auth.middleware.test.js","startTime":1775131269018,"status":"passed","summary":""},{"assertionResults":[{"ancestorTitles":["Validation Middleware - validateRequest"],"duration":27,"failing":false,"failureDetails":[],"failureMessages":[],"fullName":"Validation Middleware - validateRequest should pass valid data through","invocations":1,"location":null,"numPassingAsserts":2,"retryReasons":[],"startAt":1775131269510,"status":"passed","title":"should pass valid data through"},{"ancestorTitles":["Validation Middleware - validateRequest"],"duration":15,"failing":false,"failureDetails":[],"failureMessages":[],"fullName":"Validation Middleware - validateRequest should reject invalid email","invocations":1,"location":null,"numPassingAsserts":2,"retryReasons":[],"startAt":1775131269541,"status":"passed","title":"should reject invalid email"},{"ancestorTitles":["Validation Middleware - validateRequest"],"duration":2,"failing":false,"failureDetails":[],"failureMessages":[],"fullName":"Validation Middleware - validateRequest should strip unknown fields","invocations":1,"location":null,"numPassingAsserts":3,"retryReasons":[],"startAt":1775131269560,"status":"passed","title":"should strip unknown fields"}],"endTime":1775131269567,"message":"","name":"/home/ing-dev/Images/blood-donation-app/backend/__tests__/unit/validation.test.js","startTime":1775131268826,"status":"passed","summary":""},{"assertionResults":[{"ancestorTitles":["Auth Middleware - verifyToken"],"duration":14,"failing":false,"failureDetails":[],"failureMessages":[],"fullName":"Auth Middleware - verifyToken should call next() with valid token","invocations":1,"location":null,"numPassingAsserts":3,"retryReasons":[],"startAt":1775131269584,"status":"passed","title":"should call next() with valid token"},{"ancestorTitles":["Auth Middleware - verifyToken"],"duration":2,"failing":false,"failureDetails":[],"failureMessages":[],"fullName":"Auth Middleware - verifyToken should return 401 if no token provided","invocations":1,"location":null,"numPassingAsserts":3,"retryReasons":[],"startAt":1775131269599,"status":"passed","title":"should return 401 if no token provided"},{"ancestorTitles":["Auth Middleware - verifyToken"],"duration":6,"failing":false,"failureDetails":[],"failureMessages":[],"fullName":"Auth Middleware - verifyToken should return 401 if token is invalid","invocations":1,"location":null,"numPassingAsserts":3,"retryReasons":[],"startAt":1775131269602,"status":"passed","title":"should return 401 if token is invalid"}],"endTime":1775131269610,"message":"","name":"/home/ing-dev/Images/blood-donation-app/backend/__tests__/middleware/auth.test.js","startTime":1775131269314,"status":"passed","summary":""},{"assertionResults":[{"ancestorTitles":["Rate Limiter Middleware","Global Limiter"],"duration":38,"failing":false,"failureDetails":[],"failureMessages":[],"fullName":"Rate Limiter Middleware Global Limiter should allow requests within limit","invocations":1,"location":null,"numPassingAsserts":1,"retryReasons":[],"startAt":1775131269757,"status":"passed","title":"should allow requests within limit"},{"ancestorTitles":["Rate Limiter Middleware","Global Limiter"],"duration":3,"failing":false,"failureDetails":[],"failureMessages":[],"fullName":"Rate Limiter Middleware Global Limiter should track multiple requests","invocations":1,"location":null,"numPassingAsserts":1,"retryReasons":[],"startAt":1775131269796,"status":"passed","title":"should track multiple requests"},{"ancestorTitles":["Rate Limiter Middleware","Auth Limiter"],"duration":1,"failing":false,"failureDetails":[],"failureMessages":[],"fullName":"Rate Limiter Middleware Auth Limiter should allow login attempts within limit","invocations":1,"location":null,"numPassingAsserts":1,"retryReasons":[],"startAt":1775131269800,"status":"passed","title":"should allow login attempts within limit"},{"ancestorTitles":["Rate Limiter Middleware","Auth Limiter"],"duration":3,"failing":false,"failureDetails":[],"failureMessages":[],"fullName":"Rate Limiter Middleware Auth Limiter should reject after 5 attempts","invocations":1,"location":null,"numPassingAsserts":1,"retryReasons":[],"startAt":1775131269801,"status":"passed","title":"should reject after 5 attempts"},{"ancestorTitles":["Rate Limiter Middleware","Register Limiter"],"duration":20,"failing":false,"failureDetails":[],"failureMessages":[],"fullName":"Rate Limiter Middleware Register Limiter should allow registrations within limit","invocations":1,"location":null,"numPassingAsserts":1,"retryReasons":[],"startAt":1775131269804,"status":"passed","title":"should allow registrations within limit"},{"ancestorTitles":["Rate Limiter Middleware","Register Limiter"],"duration":5,"failing":false,"failureDetails":[],"failureMessages":[],"fullName":"Rate Limiter Middleware Register Limiter should reject multiple registrations from same IP","invocations":1,"location":null,"numPassingAsserts":1,"retryReasons":[],"startAt":1775131269826,"status":"passed","title":"should reject multiple registrations from same IP"},{"ancestorTitles":["Rate Limiter Middleware","Different IPs"],"duration":2,"failing":false,"failureDetails":[],"failureMessages":[],"fullName":"Rate Limiter Middleware Different IPs should track limits per IP separately","invocations":1,"location":null,"numPassingAsserts":2,"retryReasons":[],"startAt":1775131269832,"status":"passed","title":"should track limits per IP separately"}],"endTime":1775131269840,"message":"","name":"/home/ing-dev/Images/blood-donation-app/backend/__tests__/unit/rateLimiter.test.js","startTime":1775131269193,"status":"passed","summary":""},{"assertionResults":[{"ancestorTitles":["GeoHelpers - calculateDistance"],"duration":10,"failing":false,"failureDetails":[],"failureMessages":[],"fullName":"GeoHelpers - calculateDistance should calculate distance between two coordinates (Haversine formula)","invocations":1,"location":null,"numPassingAsserts":2,"retryReasons":[],"startAt":1775131269894,"status":"passed","title":"should calculate distance between two coordinates (Haversine formula)"},{"ancestorTitles":["GeoHelpers - calculateDistance"],"duration":1,"failing":false,"failureDetails":[],"failureMessages":[],"fullName":"GeoHelpers - calculateDistance should return 0 for same coordinates","invocations":1,"location":null,"numPassingAsserts":1,"retryReasons":[],"startAt":1775131269906,"status":"passed","title":"should return 0 for same coordinates"},{"ancestorTitles":["GeoHelpers - calculateDistance"],"duration":1,"failing":false,"failureDetails":[],"failureMessages":[],"fullName":"GeoHelpers - calculateDistance should return positive distance","invocations":1,"location":null,"numPassingAsserts":1,"retryReasons":[],"startAt":1775131269907,"status":"passed","title":"should return positive distance"},{"ancestorTitles":["GeoHelpers - calculateDistance"],"duration":1,"failing":false,"failureDetails":[],"failureMessages":[],"fullName":"GeoHelpers - calculateDistance should handle equator crossing","invocations":1,"location":null,"numPassingAsserts":1,"retryReasons":[],"startAt":1775131269908,"status":"passed","title":"should handle equator crossing"},{"ancestorTitles":["GeoHelpers - calculateDistance"],"duration":2,"failing":false,"failureDetails":[],"failureMessages":[],"fullName":"GeoHelpers - calculateDistance should be symmetric","invocations":1,"location":null,"numPassingAsserts":1,"retryReasons":[],"startAt":1775131269909,"status":"passed","title":"should be symmetric"}],"endTime":1775131269915,"message":"","name":"/home/ing-dev/Images/blood-donation-app/backend/__tests__/unit/geoHelpers.test.js","startTime":1775131269582,"status":"passed","summary":""}],"wasInterrupted":false}
